C51 COMPILER V9.56.0.0   APP_BATTERY                                                       08/04/2017 21:56:25 PAGE 1   


C51 COMPILER V9.56.0.0, COMPILATION OF MODULE APP_BATTERY
OBJECT MODULE PLACED IN .\Out\Objects\app_battery.obj
COMPILER INVOKED BY: C:\Keil_v5\C51\BIN\C51.EXE ..\App\src\app_battery.c LARGE OPTIMIZE(8,SPEED) BROWSE INCDIR(..\Common
                    -\inc;..\App\inc;..\Bsp\inc;..\Startup;..\Bsp) DEFINE(FOSC_110592) DEBUG OBJECTEXTEND PRINT(.\Out\Listings\app_battery.ls
                    -t) OBJECT(.\Out\Objects\app_battery.obj)

line level    source

   1          /*
   2           * app_battery.c
   3           *
   4           *  Created on: 2017Äê7ÔÂ28ÈÕ
   5           *      Author: fly
   6           */
   7          
   8          #include "app.h"
*** ERROR C231 IN LINE 1 OF ..\Common\inc\Common.h: 'BIT': redefinition
*** ERROR C231 IN LINE 2 OF ..\Common\inc\Common.h: 'UINT8': redefinition
*** ERROR C231 IN LINE 3 OF ..\Common\inc\Common.h: 'UINT16': redefinition
*** ERROR C141 IN LINE 4 OF ..\Common\inc\Common.h: syntax error near 'UINT32'
*** ERROR C231 IN LINE 6 OF ..\Common\inc\Common.h: 'uint8_t': redefinition
*** ERROR C231 IN LINE 7 OF ..\Common\inc\Common.h: 'uint16_t': redefinition
*** ERROR C141 IN LINE 8 OF ..\Common\inc\Common.h: syntax error near 'uint32_t'
   9          
  10          void app_battery_Init(void) {
  11   1      
  12   1      
  13   1      }
  14          
  15          static void app_battery_detection(void) {
  16   1      
  17   1              set_ADCS;  //Trigger ADC start conversion
  18   1      }
  19          
  20          void app_battery_1s_pro(void) {
  21   1              static idata uint8_t
  22   1              cnt = 0;
  23   1      
  24   1              cnt++;
  25   1              if (cnt == 4) {
  26   2                      clr_P01;
  27   2              }
  28   1      
  29   1              if (cnt >= 5) {
  30   2                      cnt = 0;
  31   2                      app_battery_detection();
  32   2              }
  33   1      
  34   1      }

C51 COMPILATION COMPLETE.  0 WARNING(S),  7 ERROR(S)
