C51 COMPILER V9.52.0.0   APP_CRC                                                           11/20/2017 00:30:11 PAGE 1   


C51 COMPILER V9.52.0.0, COMPILATION OF MODULE APP_CRC
OBJECT MODULE PLACED IN .\Out\Objects\app_crc.obj
COMPILER INVOKED BY: C:\Keil_v5\C51\BIN\C51.EXE ..\App\src\app_crc.c LARGE OPTIMIZE(8,SIZE) BROWSE INCDIR(..\Common\inc;
                    -..\App\inc;..\Bsp\inc;..\Startup;..\Bsp) DEFINE(FOSC_160000) DEBUG OBJECTEXTEND PRINT(.\Out\Listings\app_crc.lst) TABS(2
                    -) OBJECT(.\Out\Objects\app_crc.obj)

line level    source

   1          /*
   2           * app_crc.c
   3           *
   4           *  Created on: 2017Äê8ÔÂ31ÈÕ
   5           *      Author: fly
   6           */
   7          #include "app.h"
   8          
   9          static uint8_t crc;
  10          static uint8_t i;
  11          
  12          uint8_t app_CalcCRC8(uint8_t *ptr, uint8_t len) {
  13   1      
  14   1        crc = 0;
  15   1        while (len--) {
  16   2          crc ^= *ptr++;
  17   2          for (i = 0; i < 8; i++) {
  18   3            if (crc & 0x01)
  19   3              crc = (crc >> 1) ^ 0x8C;
  20   3            else
  21   3              crc >>= 1;
  22   3          }
  23   2        }
  24   1        return crc;
  25   1      }
  26          
  27          uint8_t app_CalcCRC8_cycle(uint8_t *ptr, uint8_t len, uint8_t pos,
  28              uint8_t bufLen) {
  29   1        crc = 0;
  30   1        while (len--) {
  31   2          crc ^= *ptr++;
  32   2          pos++;
  33   2          if (pos >= bufLen) {
  34   3            pos = 0;
  35   3            ptr -= bufLen;
  36   3          }
  37   2          for (i = 0; i < 8; i++) {
  38   3            if (crc & 0x01)
  39   3              crc = (crc >> 1) ^ 0x8C;
  40   3            else
  41   3              crc >>= 1;
  42   3          }
  43   2        }
  44   1        return crc;
  45   1      }


MODULE INFORMATION:   STATIC OVERLAYABLE
   CODE SIZE        =    215    ----
   CONSTANT SIZE    =   ----    ----
   XDATA SIZE       =      2       9
   PDATA SIZE       =   ----    ----
   DATA SIZE        =   ----    ----
C51 COMPILER V9.52.0.0   APP_CRC                                                           11/20/2017 00:30:11 PAGE 2   

   IDATA SIZE       =   ----    ----
   BIT SIZE         =   ----    ----
END OF MODULE INFORMATION.


C51 COMPILATION COMPLETE.  0 WARNING(S),  0 ERROR(S)
