C51 COMPILER V9.52.0.0   APP_WORK                                                          11/20/2017 00:30:10 PAGE 1   


C51 COMPILER V9.52.0.0, COMPILATION OF MODULE APP_WORK
OBJECT MODULE PLACED IN .\Out\Objects\app_work.obj
COMPILER INVOKED BY: C:\Keil_v5\C51\BIN\C51.EXE ..\App\src\app_work.c LARGE OPTIMIZE(8,SIZE) BROWSE INCDIR(..\Common\inc
                    -;..\App\inc;..\Bsp\inc;..\Startup;..\Bsp) DEFINE(FOSC_160000) DEBUG OBJECTEXTEND PRINT(.\Out\Listings\app_work.lst) TABS
                    -(2) OBJECT(.\Out\Objects\app_work.obj)

line level    source

   1          /*
   2           * app_work.c
   3           *
   4           *  Created on: 2017Äê7ÔÂ6ÈÕ
   5           *      Author: admin
   6           */
   7          
   8          #include "app.h"
   9          
  10          WORK_T g_tWork;
  11          
  12          
  13          void app_work_Init(void) {
  14   1      
  15   1      //  g_tWork.mode = 'B';
  16   1      
  17   1      
  18   1      
  19   1      
  20   1      }
  21          
  22          void app_work_1s_pro(void) {
  23   1      
  24   1      }
  25          void app_work_100ms_pro(void) {
  26   1      
  27   1      }
  28          
  29          static void app_work_pro(void) {
  30   1      
  31   1      }
  32          


MODULE INFORMATION:   STATIC OVERLAYABLE
   CODE SIZE        =      4    ----
   CONSTANT SIZE    =   ----    ----
   XDATA SIZE       =      2    ----
   PDATA SIZE       =   ----    ----
   DATA SIZE        =   ----    ----
   IDATA SIZE       =   ----    ----
   BIT SIZE         =   ----    ----
END OF MODULE INFORMATION.


C51 COMPILATION COMPLETE.  0 WARNING(S),  0 ERROR(S)
