C51 COMPILER V9.56.0.0   BSP_DISPLAY                                                       08/04/2017 21:54:35 PAGE 1   


C51 COMPILER V9.56.0.0, COMPILATION OF MODULE BSP_DISPLAY
OBJECT MODULE PLACED IN .\Out\Objects\bsp_display.obj
COMPILER INVOKED BY: C:\Keil_v5\C51\BIN\C51.EXE ..\Bsp\src\bsp_display.c LARGE OPTIMIZE(8,SPEED) BROWSE INCDIR(..\Common
                    -\inc;..\App\inc;..\Bsp\inc;..\Startup;..\Bsp) DEFINE(FOSC_110592) DEBUG OBJECTEXTEND PRINT(.\Out\Listings\bsp_display.ls
                    -t) OBJECT(.\Out\Objects\bsp_display.obj)

line level    source

   1          /*
   2           * bsp_display.c
   3           *
   4           *  Created on: 2017Äê6ÔÂ26ÈÕ
   5           *      Author: fly
   6           */
   7          
   8          #include "bsp.h"
*** ERROR C231 IN LINE 1 OF ..\Common\inc\Common.h: 'BIT': redefinition
*** ERROR C231 IN LINE 2 OF ..\Common\inc\Common.h: 'UINT8': redefinition
*** ERROR C231 IN LINE 3 OF ..\Common\inc\Common.h: 'UINT16': redefinition
*** ERROR C141 IN LINE 4 OF ..\Common\inc\Common.h: syntax error near 'UINT32'
*** ERROR C231 IN LINE 6 OF ..\Common\inc\Common.h: 'uint8_t': redefinition
*** ERROR C231 IN LINE 7 OF ..\Common\inc\Common.h: 'uint16_t': redefinition
*** ERROR C141 IN LINE 8 OF ..\Common\inc\Common.h: syntax error near 'uint32_t'
   9          
  10          #define COM0    0x01
  11          #define COM1    0x02
  12          #define COM2    0x04
  13          #define COM3    0x08
  14          
  15          void LCD_display_InitHard(void) {
  16   1      
  17   1      #if 1
  18   1      
  19   1              P1M2 = 0x00;
  20   1              P1M1 = 0xFF;
  21   1      
  22   1              P2M2 = 0x00;
*** ERROR C202 IN LINE 22 OF ..\Bsp\src\bsp_display.c: 'P2M2': undefined identifier
  23   1              P2M1 = 0xFF;
*** ERROR C202 IN LINE 23 OF ..\Bsp\src\bsp_display.c: 'P2M1': undefined identifier
  24   1      
  25   1              P4M2 = 0x00;
*** ERROR C202 IN LINE 25 OF ..\Bsp\src\bsp_display.c: 'P4M2': undefined identifier
  26   1              P4M1 = 0xFF;
*** ERROR C202 IN LINE 26 OF ..\Bsp\src\bsp_display.c: 'P4M1': undefined identifier
  27   1      #endif
  28   1      
  29   1              //LCDCON = 0x40;      //;VLCD = 0.9VDD (VDD = 3.3V, VLCD = 3.0V)
  30   1              LCDCON = 0x00;                  //;1/4 duty, 1/3 bias, 150kO resistor ladder
*** ERROR C202 IN LINE 30 OF ..\Bsp\src\bsp_display.c: 'LCDCON': undefined identifier
  31   1      
  32   1              LCDCLK = 0x04;      //
*** ERROR C202 IN LINE 32 OF ..\Bsp\src\bsp_display.c: 'LCDCLK': undefined identifier
  33   1      
  34   1              //enable seg pin
  35   1              LCDSEG0 = 0xFF;
*** ERROR C202 IN LINE 35 OF ..\Bsp\src\bsp_display.c: 'LCDSEG0': undefined identifier
  36   1              LCDSEG1 = 0xFF;
*** ERROR C202 IN LINE 36 OF ..\Bsp\src\bsp_display.c: 'LCDSEG1': undefined identifier
  37   1              LCDSEG2 = 0x07;
*** ERROR C202 IN LINE 37 OF ..\Bsp\src\bsp_display.c: 'LCDSEG2': undefined identifier
C51 COMPILER V9.56.0.0   BSP_DISPLAY                                                       08/04/2017 21:54:35 PAGE 2   

  38   1      
  39   1              LCDCON |= SET_BIT7;  //LCDEN = 1
*** ERROR C202 IN LINE 39 OF ..\Bsp\src\bsp_display.c: 'LCDCON': undefined identifier
  40   1      
  41   1              LCD_Clear_All();
  42   1      }
  43          
  44          void LCD_Clear_All(void) {
  45   1              uint8_t i;
  46   1              for (i = 0; i < 19; i++) {
  47   2                      LCDPTR = i;
*** ERROR C202 IN LINE 47 OF ..\Bsp\src\bsp_display.c: 'LCDPTR': undefined identifier
  48   2                      LCDDAT = 0;
*** ERROR C202 IN LINE 48 OF ..\Bsp\src\bsp_display.c: 'LCDDAT': undefined identifier
  49   2              }
  50   1      }
  51          
  52          void LCD_Clear_Bluetooth_ICO(void) {
  53   1      //      clr_SEG10EN;
  54   1              LCDPTR = 10;
*** ERROR C202 IN LINE 54 OF ..\Bsp\src\bsp_display.c: 'LCDPTR': undefined identifier
  55   1              LCDDAT &= ~ COM0;
*** ERROR C202 IN LINE 55 OF ..\Bsp\src\bsp_display.c: 'LCDDAT': undefined identifier
  56   1      }
  57          void LCD_Show_Bluetooth_ICO(void) {
  58   1      //      set_SEG10EN;
  59   1              LCDPTR = 10;
*** ERROR C202 IN LINE 59 OF ..\Bsp\src\bsp_display.c: 'LCDPTR': undefined identifier
  60   1              LCDDAT |= COM0;
*** ERROR C202 IN LINE 60 OF ..\Bsp\src\bsp_display.c: 'LCDDAT': undefined identifier
  61   1      }
  62          
  63          void LCD_Clear_Bluetooth_Fill_ICO(void) {
  64   1      //      clr_SEG12EN;
  65   1              LCDPTR = 12;
*** ERROR C202 IN LINE 65 OF ..\Bsp\src\bsp_display.c: 'LCDPTR': undefined identifier
  66   1              LCDDAT &= ~ COM0;
*** ERROR C202 IN LINE 66 OF ..\Bsp\src\bsp_display.c: 'LCDDAT': undefined identifier
  67   1      }
  68          void LCD_Show_Bluetooth_Fill_ICO(void) {
  69   1      //      set_SEG12EN;
  70   1              LCDPTR = 12;
*** ERROR C202 IN LINE 70 OF ..\Bsp\src\bsp_display.c: 'LCDPTR': undefined identifier
  71   1              LCDDAT |= COM0;
*** ERROR C202 IN LINE 71 OF ..\Bsp\src\bsp_display.c: 'LCDDAT': undefined identifier
  72   1      }
  73          
  74          void LCD_Clear_Line_up(void) {
  75   1      //      clr_SEG8EN;
  76   1              LCDPTR = 8;
*** ERROR C202 IN LINE 76 OF ..\Bsp\src\bsp_display.c: 'LCDPTR': undefined identifier
  77   1              LCDDAT &= ~ COM0;
*** ERROR C202 IN LINE 77 OF ..\Bsp\src\bsp_display.c: 'LCDDAT': undefined identifier
  78   1      }
  79          void LCD_Show_Line_up(void) {
  80   1      //      set_SEG8EN;
  81   1              LCDPTR = 8;
*** ERROR C202 IN LINE 81 OF ..\Bsp\src\bsp_display.c: 'LCDPTR': undefined identifier
  82   1              LCDDAT |= COM0;
*** ERROR C202 IN LINE 82 OF ..\Bsp\src\bsp_display.c: 'LCDDAT': undefined identifier
  83   1      }
  84          void LCD_Clear_Battery_ICO(void) {
C51 COMPILER V9.56.0.0   BSP_DISPLAY                                                       08/04/2017 21:54:35 PAGE 3   

  85   1      //      clr_SEG14EN;
  86   1              LCDPTR = 14;
*** ERROR C202 IN LINE 86 OF ..\Bsp\src\bsp_display.c: 'LCDPTR': undefined identifier
  87   1              LCDDAT &= ~COM0;
*** ERROR C202 IN LINE 87 OF ..\Bsp\src\bsp_display.c: 'LCDDAT': undefined identifier
  88   1      }
  89          void LCD_Show_Battery_ICO(void) {
  90   1      //      set_SEG14EN;
  91   1              LCDPTR = 14;
*** ERROR C202 IN LINE 91 OF ..\Bsp\src\bsp_display.c: 'LCDPTR': undefined identifier
  92   1              LCDDAT |= COM0;
*** ERROR C202 IN LINE 92 OF ..\Bsp\src\bsp_display.c: 'LCDDAT': undefined identifier
  93   1      }
  94          void LCD_Clear_REP_ICO(void) {
  95   1      //      clr_SEG16EN;
  96   1              LCDPTR = 16;
*** ERROR C202 IN LINE 96 OF ..\Bsp\src\bsp_display.c: 'LCDPTR': undefined identifier
  97   1              LCDDAT &= ~ COM0;
*** ERROR C202 IN LINE 97 OF ..\Bsp\src\bsp_display.c: 'LCDDAT': undefined identifier
  98   1      }
  99          void LCD_Show_REP_ICO(void) {
 100   1      //      set_SEG16EN;
 101   1              LCDPTR = 16;
*** ERROR C202 IN LINE 101 OF ..\Bsp\src\bsp_display.c: 'LCDPTR': undefined identifier
 102   1              LCDDAT |= COM0;
*** ERROR C202 IN LINE 102 OF ..\Bsp\src\bsp_display.c: 'LCDDAT': undefined identifier
 103   1      }
 104          void LCD_Clear_REP_Num(void) {
 105   1      
 106   1              LCDPTR = 18;
*** ERROR C202 IN LINE 106 OF ..\Bsp\src\bsp_display.c: 'LCDPTR': undefined identifier
 107   1              LCDDAT &= ~(COM1 + COM2 + COM3);
*** ERROR C202 IN LINE 107 OF ..\Bsp\src\bsp_display.c: 'LCDDAT': undefined identifier
 108   1      //      LCDDAT = COM1 + COM2 + COM3;
 109   1      
 110   1              LCDPTR = 19;
*** ERROR C202 IN LINE 110 OF ..\Bsp\src\bsp_display.c: 'LCDPTR': undefined identifier
 111   1              LCDDAT = 0;
*** ERROR C202 IN LINE 111 OF ..\Bsp\src\bsp_display.c: 'LCDDAT': undefined identifier
 112   1      //      LCDDAT = COM0 + COM1 + COM2 + COM3;
 113   1      
 114   1              LCDPTR = 20;
*** ERROR C202 IN LINE 114 OF ..\Bsp\src\bsp_display.c: 'LCDPTR': undefined identifier
 115   1              LCDDAT &= ~(COM1 + COM2 + COM3);
*** ERROR C202 IN LINE 115 OF ..\Bsp\src\bsp_display.c: 'LCDDAT': undefined identifier
 116   1      //      LCDDAT = COM1 + COM2 + COM3;
 117   1      
 118   1              LCDPTR = 21;
*** ERROR C202 IN LINE 118 OF ..\Bsp\src\bsp_display.c: 'LCDPTR': undefined identifier
 119   1              LCDDAT = 0;
*** ERROR C202 IN LINE 119 OF ..\Bsp\src\bsp_display.c: 'LCDDAT': undefined identifier
 120   1      //      LCDDAT = COM0 + COM1 + COM2 + COM3;
 121   1      }
 122          void LCD_Show_REP_Num(uint8_t num) {
 123   1              uint8_t ge;
 124   1              uint8_t shi;
 125   1      
 126   1              if (num > 99) {
 127   2                      return;
 128   2              }
 129   1      
 130   1              shi = num / 10;
C51 COMPILER V9.56.0.0   BSP_DISPLAY                                                       08/04/2017 21:54:35 PAGE 4   

 131   1              ge = num % 10;
 132   1              if (num > 9) {
 133   2      //              set_SEG14EN;
 134   2      //              set_SEG15EN;
 135   2                      switch (shi) {
 136   3                      case 0:
 137   3                              LCDPTR = 14;
*** ERROR C202 IN LINE 137 OF ..\Bsp\src\bsp_display.c: 'LCDPTR': undefined identifier
 138   3                              LCDDAT = COM1 + COM3;
*** ERROR C202 IN LINE 138 OF ..\Bsp\src\bsp_display.c: 'LCDDAT': undefined identifier
 139   3      
 140   3                              LCDPTR = 15;
*** ERROR C202 IN LINE 140 OF ..\Bsp\src\bsp_display.c: 'LCDPTR': undefined identifier
 141   3                              LCDDAT = COM0 + COM1 + COM2 + COM3;
*** ERROR C202 IN LINE 141 OF ..\Bsp\src\bsp_display.c: 'LCDDAT': undefined identifier
 142   3                              break;
 143   3                      case 1:
 144   3                              LCDPTR = 14;
*** ERROR C202 IN LINE 144 OF ..\Bsp\src\bsp_display.c: 'LCDPTR': undefined identifier
 145   3                              LCDDAT &= ~(COM1 + COM2 + COM3);
*** ERROR C202 IN LINE 145 OF ..\Bsp\src\bsp_display.c: 'LCDDAT': undefined identifier
 146   3      
 147   3                              LCDPTR = 15;
*** ERROR C202 IN LINE 147 OF ..\Bsp\src\bsp_display.c: 'LCDPTR': undefined identifier
 148   3                              LCDDAT = COM1 + COM2;
*** ERROR C202 IN LINE 148 OF ..\Bsp\src\bsp_display.c: 'LCDDAT': undefined identifier
 149   3                              break;
 150   3                      case 2:
 151   3                              LCDPTR = 14;
*** ERROR C202 IN LINE 151 OF ..\Bsp\src\bsp_display.c: 'LCDPTR': undefined identifier
 152   3                              LCDDAT = COM2 + COM3;
*** ERROR C202 IN LINE 152 OF ..\Bsp\src\bsp_display.c: 'LCDDAT': undefined identifier
 153   3      
 154   3                              LCDPTR = 15;
*** ERROR C202 IN LINE 154 OF ..\Bsp\src\bsp_display.c: 'LCDPTR': undefined identifier
 155   3                              LCDDAT = COM0 + COM1 + COM3;
*** ERROR C202 IN LINE 155 OF ..\Bsp\src\bsp_display.c: 'LCDDAT': undefined identifier
 156   3                              break;
 157   3                      case 3:
 158   3                              LCDPTR = 14;
*** ERROR C202 IN LINE 158 OF ..\Bsp\src\bsp_display.c: 'LCDPTR': undefined identifier
 159   3                              LCDDAT = COM2;
*** ERROR C202 IN LINE 159 OF ..\Bsp\src\bsp_display.c: 'LCDDAT': undefined identifier
 160   3      
 161   3                              LCDPTR = 15;
*** ERROR C202 IN LINE 161 OF ..\Bsp\src\bsp_display.c: 'LCDPTR': undefined identifier
 162   3                              LCDDAT = COM0 + COM1 + COM2 + COM3;
*** ERROR C202 IN LINE 162 OF ..\Bsp\src\bsp_display.c: 'LCDDAT': undefined identifier
 163   3                              break;
 164   3                      case 4:
 165   3                              LCDPTR = 14;
*** ERROR C202 IN LINE 165 OF ..\Bsp\src\bsp_display.c: 'LCDPTR': undefined identifier
 166   3                              LCDDAT = COM1 + COM2;
*** ERROR C202 IN LINE 166 OF ..\Bsp\src\bsp_display.c: 'LCDDAT': undefined identifier
 167   3      
 168   3                              LCDPTR = 15;
*** ERROR C202 IN LINE 168 OF ..\Bsp\src\bsp_display.c: 'LCDPTR': undefined identifier
 169   3                              LCDDAT = COM1 + COM2;
*** ERROR C202 IN LINE 169 OF ..\Bsp\src\bsp_display.c: 'LCDDAT': undefined identifier
 170   3                              break;
 171   3                      case 5:
 172   3                              LCDPTR = 14;
C51 COMPILER V9.56.0.0   BSP_DISPLAY                                                       08/04/2017 21:54:35 PAGE 5   

*** ERROR C202 IN LINE 172 OF ..\Bsp\src\bsp_display.c: 'LCDPTR': undefined identifier
 173   3                              LCDDAT = COM1 + COM2;
*** ERROR C202 IN LINE 173 OF ..\Bsp\src\bsp_display.c: 'LCDDAT': undefined identifier
 174   3      
 175   3                              LCDPTR = 15;
*** ERROR C202 IN LINE 175 OF ..\Bsp\src\bsp_display.c: 'LCDPTR': undefined identifier
 176   3                              LCDDAT = COM0 + COM2 + COM3;
*** ERROR C202 IN LINE 176 OF ..\Bsp\src\bsp_display.c: 'LCDDAT': undefined identifier
 177   3                              break;
 178   3                      case 6:
 179   3                              LCDPTR = 14;
*** ERROR C202 IN LINE 179 OF ..\Bsp\src\bsp_display.c: 'LCDPTR': undefined identifier
 180   3                              LCDDAT = COM1 + COM2 + COM3;
*** ERROR C202 IN LINE 180 OF ..\Bsp\src\bsp_display.c: 'LCDDAT': undefined identifier
 181   3      
 182   3                              LCDPTR = 15;
*** ERROR C202 IN LINE 182 OF ..\Bsp\src\bsp_display.c: 'LCDPTR': undefined identifier
 183   3                              LCDDAT = COM0 + COM2 + COM3;
*** ERROR C202 IN LINE 183 OF ..\Bsp\src\bsp_display.c: 'LCDDAT': undefined identifier
 184   3                              break;
 185   3                      case 7:
 186   3                              LCDPTR = 14;
*** ERROR C202 IN LINE 186 OF ..\Bsp\src\bsp_display.c: 'LCDPTR': undefined identifier
 187   3                              LCDDAT &= ~(COM1 + COM2 + COM3);
*** ERROR C202 IN LINE 187 OF ..\Bsp\src\bsp_display.c: 'LCDDAT': undefined identifier
 188   3      
 189   3                              LCDPTR = 15;
*** ERROR C202 IN LINE 189 OF ..\Bsp\src\bsp_display.c: 'LCDPTR': undefined identifier
 190   3                              LCDDAT = COM0 + COM1 + COM2;
*** ERROR C202 IN LINE 190 OF ..\Bsp\src\bsp_display.c: 'LCDDAT': undefined identifier
 191   3                              break;
 192   3                      case 8:
 193   3                              LCDPTR = 14;
*** ERROR C202 IN LINE 193 OF ..\Bsp\src\bsp_display.c: 'LCDPTR': undefined identifier
 194   3                              LCDDAT = COM1 + COM2 + COM3;
*** ERROR C202 IN LINE 194 OF ..\Bsp\src\bsp_display.c: 'LCDDAT': undefined identifier
 195   3      
 196   3                              LCDPTR = 15;
*** ERROR C202 IN LINE 196 OF ..\Bsp\src\bsp_display.c: 'LCDPTR': undefined identifier
 197   3                              LCDDAT = COM0 + COM1 + COM2 + COM3;
*** ERROR C202 IN LINE 197 OF ..\Bsp\src\bsp_display.c: 'LCDDAT': undefined identifier
 198   3                              break;
 199   3                      case 9:
 200   3                              LCDPTR = 14;
*** ERROR C202 IN LINE 200 OF ..\Bsp\src\bsp_display.c: 'LCDPTR': undefined identifier
 201   3                              LCDDAT = COM1 + COM2;
*** ERROR C202 IN LINE 201 OF ..\Bsp\src\bsp_display.c: 'LCDDAT': undefined identifier
 202   3      
 203   3                              LCDPTR = 15;
*** ERROR C202 IN LINE 203 OF ..\Bsp\src\bsp_display.c: 'LCDPTR': undefined identifier
 204   3                              LCDDAT = COM0 + COM1 + COM2 + COM3;
*** ERROR C202 IN LINE 204 OF ..\Bsp\src\bsp_display.c: 'LCDDAT': undefined identifier
 205   3                              break;
 206   3                      }
 207   2              } else {
 208   2      //              clr_SEG14EN;
 209   2      //              clr_SEG15EN;
 210   2      
 211   2                      LCDPTR = 14;
*** ERROR C202 IN LINE 211 OF ..\Bsp\src\bsp_display.c: 'LCDPTR': undefined identifier
 212   2                      LCDDAT &= ~(COM1 + COM2 + COM3);
*** ERROR C202 IN LINE 212 OF ..\Bsp\src\bsp_display.c: 'LCDDAT': undefined identifier
C51 COMPILER V9.56.0.0   BSP_DISPLAY                                                       08/04/2017 21:54:35 PAGE 6   

 213   2      //              LCDDAT = COM0 + COM1 + COM2 + COM3;
 214   2      
 215   2                      LCDPTR = 15;
*** ERROR C202 IN LINE 215 OF ..\Bsp\src\bsp_display.c: 'LCDPTR': undefined identifier
 216   2                      LCDDAT = 0;
*** ERROR C202 IN LINE 216 OF ..\Bsp\src\bsp_display.c: 'LCDDAT': undefined identifier
 217   2      //              LCDDAT = COM0 + COM1 + COM2 + COM3;
 218   2              }
 219   1      //      set_SEG16EN;
 220   1      //      set_SEG17EN;
 221   1              switch (ge) {
 222   2              case 0:
 223   2                      LCDPTR = 16;
*** ERROR C202 IN LINE 223 OF ..\Bsp\src\bsp_display.c: 'LCDPTR': undefined identifier
 224   2                      LCDDAT = COM1 + COM3;
*** ERROR C202 IN LINE 224 OF ..\Bsp\src\bsp_display.c: 'LCDDAT': undefined identifier
 225   2      
 226   2                      LCDPTR = 17;
*** ERROR C202 IN LINE 226 OF ..\Bsp\src\bsp_display.c: 'LCDPTR': undefined identifier
 227   2                      LCDDAT = COM0 + COM1 + COM2 + COM3;
*** ERROR C202 IN LINE 227 OF ..\Bsp\src\bsp_display.c: 'LCDDAT': undefined identifier
 228   2                      break;
 229   2              case 1:
 230   2                      LCDPTR = 16;
*** ERROR C202 IN LINE 230 OF ..\Bsp\src\bsp_display.c: 'LCDPTR': undefined identifier
 231   2                      LCDDAT &= ~(COM1 + COM2 + COM3);
*** ERROR C202 IN LINE 231 OF ..\Bsp\src\bsp_display.c: 'LCDDAT': undefined identifier
 232   2      
 233   2                      LCDPTR = 17;
*** ERROR C202 IN LINE 233 OF ..\Bsp\src\bsp_display.c: 'LCDPTR': undefined identifier
 234   2                      LCDDAT = COM1 + COM2;
*** ERROR C202 IN LINE 234 OF ..\Bsp\src\bsp_display.c: 'LCDDAT': undefined identifier
 235   2                      break;
 236   2              case 2:
 237   2                      LCDPTR = 16;
*** ERROR C202 IN LINE 237 OF ..\Bsp\src\bsp_display.c: 'LCDPTR': undefined identifier
 238   2                      LCDDAT = COM2 + COM3;
*** ERROR C202 IN LINE 238 OF ..\Bsp\src\bsp_display.c: 'LCDDAT': undefined identifier
 239   2      
 240   2                      LCDPTR = 17;
*** ERROR C202 IN LINE 240 OF ..\Bsp\src\bsp_display.c: 'LCDPTR': undefined identifier
 241   2                      LCDDAT = COM0 + COM1 + COM3;
*** ERROR C202 IN LINE 241 OF ..\Bsp\src\bsp_display.c: 'LCDDAT': undefined identifier
 242   2                      break;
 243   2              case 3:
 244   2                      LCDPTR = 16;
*** ERROR C202 IN LINE 244 OF ..\Bsp\src\bsp_display.c: 'LCDPTR': undefined identifier
 245   2                      LCDDAT = COM2;
*** ERROR C202 IN LINE 245 OF ..\Bsp\src\bsp_display.c: 'LCDDAT': undefined identifier
 246   2      
 247   2                      LCDPTR = 17;
*** ERROR C202 IN LINE 247 OF ..\Bsp\src\bsp_display.c: 'LCDPTR': undefined identifier
 248   2                      LCDDAT = COM0 + COM1 + COM2 + COM3;
*** ERROR C202 IN LINE 248 OF ..\Bsp\src\bsp_display.c: 'LCDDAT': undefined identifier
 249   2                      break;
 250   2              case 4:
 251   2                      LCDPTR = 16;
*** ERROR C202 IN LINE 251 OF ..\Bsp\src\bsp_display.c: 'LCDPTR': undefined identifier
 252   2                      LCDDAT = COM1 + COM2;
*** ERROR C202 IN LINE 252 OF ..\Bsp\src\bsp_display.c: 'LCDDAT': undefined identifier
 253   2      
 254   2                      LCDPTR = 17;
C51 COMPILER V9.56.0.0   BSP_DISPLAY                                                       08/04/2017 21:54:35 PAGE 7   

*** ERROR C202 IN LINE 254 OF ..\Bsp\src\bsp_display.c: 'LCDPTR': undefined identifier
 255   2                      LCDDAT = COM1 + COM2;
*** ERROR C202 IN LINE 255 OF ..\Bsp\src\bsp_display.c: 'LCDDAT': undefined identifier
 256   2                      break;
 257   2              case 5:
 258   2                      LCDPTR = 16;
*** ERROR C202 IN LINE 258 OF ..\Bsp\src\bsp_display.c: 'LCDPTR': undefined identifier
 259   2                      LCDDAT = COM1 + COM2;
*** ERROR C202 IN LINE 259 OF ..\Bsp\src\bsp_display.c: 'LCDDAT': undefined identifier
 260   2      
 261   2                      LCDPTR = 17;
*** ERROR C202 IN LINE 261 OF ..\Bsp\src\bsp_display.c: 'LCDPTR': undefined identifier
 262   2                      LCDDAT = COM0 + COM2 + COM3;
*** ERROR C202 IN LINE 262 OF ..\Bsp\src\bsp_display.c: 'LCDDAT': undefined identifier
 263   2                      break;
 264   2              case 6:
 265   2                      LCDPTR = 16;
*** ERROR C202 IN LINE 265 OF ..\Bsp\src\bsp_display.c: 'LCDPTR': undefined identifier
 266   2                      LCDDAT = COM1 + COM2 + COM3;
*** ERROR C202 IN LINE 266 OF ..\Bsp\src\bsp_display.c: 'LCDDAT': undefined identifier
 267   2      
 268   2                      LCDPTR = 17;
*** ERROR C202 IN LINE 268 OF ..\Bsp\src\bsp_display.c: 'LCDPTR': undefined identifier
 269   2                      LCDDAT = COM0 + COM2 + COM3;
*** ERROR C202 IN LINE 269 OF ..\Bsp\src\bsp_display.c: 'LCDDAT': undefined identifier
 270   2                      break;
 271   2              case 7:
 272   2                      LCDPTR = 16;
*** ERROR C202 IN LINE 272 OF ..\Bsp\src\bsp_display.c: 'LCDPTR': undefined identifier
 273   2                      LCDDAT &= ~(COM1 + COM2 + COM3);
*** ERROR C202 IN LINE 273 OF ..\Bsp\src\bsp_display.c: 'LCDDAT': undefined identifier
 274   2      
 275   2                      LCDPTR = 17;
*** ERROR C202 IN LINE 275 OF ..\Bsp\src\bsp_display.c: 'LCDPTR': undefined identifier
 276   2                      LCDDAT = COM0 + COM1 + COM2;
*** ERROR C202 IN LINE 276 OF ..\Bsp\src\bsp_display.c: 'LCDDAT': undefined identifier
 277   2                      break;
 278   2              case 8:
 279   2                      LCDPTR = 16;
*** ERROR C202 IN LINE 279 OF ..\Bsp\src\bsp_display.c: 'LCDPTR': undefined identifier
 280   2                      LCDDAT = COM1 + COM2 + COM3;
*** ERROR C202 IN LINE 280 OF ..\Bsp\src\bsp_display.c: 'LCDDAT': undefined identifier
 281   2      
 282   2                      LCDPTR = 17;
*** ERROR C202 IN LINE 282 OF ..\Bsp\src\bsp_display.c: 'LCDPTR': undefined identifier
 283   2                      LCDDAT = COM0 + COM1 + COM2 + COM3;
*** ERROR C202 IN LINE 283 OF ..\Bsp\src\bsp_display.c: 'LCDDAT': undefined identifier
 284   2                      break;
 285   2              case 9:
 286   2                      LCDPTR = 16;
*** ERROR C202 IN LINE 286 OF ..\Bsp\src\bsp_display.c: 'LCDPTR': undefined identifier
 287   2                      LCDDAT = COM1 + COM2;
*** ERROR C202 IN LINE 287 OF ..\Bsp\src\bsp_display.c: 'LCDDAT': undefined identifier
 288   2      
 289   2                      LCDPTR = 17;
*** ERROR C202 IN LINE 289 OF ..\Bsp\src\bsp_display.c: 'LCDPTR': undefined identifier
 290   2                      LCDDAT = COM0 + COM1 + COM2 + COM3;
*** ERROR C202 IN LINE 290 OF ..\Bsp\src\bsp_display.c: 'LCDDAT': undefined identifier
 291   2                      break;
 292   2              }
 293   1      }
 294          void LCD_Clear_ABCD(void) {
C51 COMPILER V9.56.0.0   BSP_DISPLAY                                                       08/04/2017 21:54:35 PAGE 8   

 295   1      //      clr_SEG18EN;
 296   1              LCDPTR = 18;
*** ERROR C202 IN LINE 296 OF ..\Bsp\src\bsp_display.c: 'LCDPTR': undefined identifier
 297   1              LCDDAT = 0;
*** ERROR C202 IN LINE 297 OF ..\Bsp\src\bsp_display.c: 'LCDDAT': undefined identifier
 298   1      //      LCDDAT = COM0 + COM1 + COM2 + COM3;
 299   1      }
 300          void LCD_Show_ABCD_all(void) {
 301   1      //      set_SEG18EN;
 302   1              LCDPTR = 18;
*** ERROR C202 IN LINE 302 OF ..\Bsp\src\bsp_display.c: 'LCDPTR': undefined identifier
 303   1              LCDDAT = COM0 + COM1 + COM2 + COM3;
*** ERROR C202 IN LINE 303 OF ..\Bsp\src\bsp_display.c: 'LCDDAT': undefined identifier
 304   1      }
 305          void LCD_Show_ABCD(char c) {
 306   1      //      set_SEG18EN;
 307   1              LCDPTR = 18;
*** ERROR C202 IN LINE 307 OF ..\Bsp\src\bsp_display.c: 'LCDPTR': undefined identifier
 308   1      
 309   1              switch (c) {
 310   2              case 'A':
 311   2                      LCDDAT = COM0;
*** ERROR C202 IN LINE 311 OF ..\Bsp\src\bsp_display.c: 'LCDDAT': undefined identifier
 312   2                      break;
 313   2              case 'B':
 314   2                      LCDDAT = COM1;
*** ERROR C202 IN LINE 314 OF ..\Bsp\src\bsp_display.c: 'LCDDAT': undefined identifier
 315   2                      break;
 316   2              case 'C':
 317   2                      LCDDAT = COM2;
*** ERROR C202 IN LINE 317 OF ..\Bsp\src\bsp_display.c: 'LCDDAT': undefined identifier
 318   2                      break;
 319   2              case 'D':
 320   2                      LCDDAT = COM3;
*** ERROR C202 IN LINE 320 OF ..\Bsp\src\bsp_display.c: 'LCDDAT': undefined identifier
 321   2                      break;
 322   2              default:
 323   2      //              LCDPTR = 18;
 324   2      //              LCDDAT = 0;
 325   2                      break;
 326   2              }
 327   1      }
 328          void LCD_Clear_Pulls_Num(void) {
 329   1      
 330   1              LCDPTR = 8;
*** ERROR C202 IN LINE 330 OF ..\Bsp\src\bsp_display.c: 'LCDPTR': undefined identifier
 331   1              LCDDAT &= ~(COM1 + COM2 + COM3);
*** ERROR C202 IN LINE 331 OF ..\Bsp\src\bsp_display.c: 'LCDDAT': undefined identifier
 332   1      //      LCDDAT = COM1 + COM2 + COM3;
 333   1      
 334   1              LCDPTR = 9;
*** ERROR C202 IN LINE 334 OF ..\Bsp\src\bsp_display.c: 'LCDPTR': undefined identifier
 335   1              LCDDAT = 0;
*** ERROR C202 IN LINE 335 OF ..\Bsp\src\bsp_display.c: 'LCDDAT': undefined identifier
 336   1      //      LCDDAT = COM0 + COM1 + COM2 + COM3;
 337   1      
 338   1              LCDPTR = 10;
*** ERROR C202 IN LINE 338 OF ..\Bsp\src\bsp_display.c: 'LCDPTR': undefined identifier
 339   1              LCDDAT &= ~(COM1 + COM2 + COM3);
*** ERROR C202 IN LINE 339 OF ..\Bsp\src\bsp_display.c: 'LCDDAT': undefined identifier
 340   1      //      LCDDAT = COM1 + COM2 + COM3;
 341   1      
C51 COMPILER V9.56.0.0   BSP_DISPLAY                                                       08/04/2017 21:54:35 PAGE 9   

 342   1              LCDPTR = 11;
*** ERROR C202 IN LINE 342 OF ..\Bsp\src\bsp_display.c: 'LCDPTR': undefined identifier
 343   1              LCDDAT = 0;
*** ERROR C202 IN LINE 343 OF ..\Bsp\src\bsp_display.c: 'LCDDAT': undefined identifier
 344   1      //      LCDDAT = COM0 + COM1 + COM2 + COM3;
 345   1      
 346   1              LCDPTR = 12;
*** ERROR C202 IN LINE 346 OF ..\Bsp\src\bsp_display.c: 'LCDPTR': undefined identifier
 347   1              LCDDAT &= ~(COM1 + COM2 + COM3);
*** ERROR C202 IN LINE 347 OF ..\Bsp\src\bsp_display.c: 'LCDDAT': undefined identifier
 348   1      //      LCDDAT = COM1 + COM2 + COM3;
 349   1      
 350   1              LCDPTR = 13;
*** ERROR C202 IN LINE 350 OF ..\Bsp\src\bsp_display.c: 'LCDPTR': undefined identifier
 351   1              LCDDAT = 0;
*** ERROR C202 IN LINE 351 OF ..\Bsp\src\bsp_display.c: 'LCDDAT': undefined identifier
 352   1      //      LCDDAT = COM0 + COM1 + COM2 + COM3;
 353   1      }
 354          void LCD_Show_Pulls_Num(uint16_t num) {
 355   1              uint8_t ge;
 356   1              uint8_t shi;
 357   1              uint8_t bai;
 358   1      
 359   1              if (num > 999) {
 360   2      
 361   2                      return;
 362   2              }
 363   1              bai = num / 100;
 364   1              shi = num % 100 / 10;
 365   1              ge = num % 10;
 366   1              if (num > 99) {
 367   2      //              set_SEG8EN;
 368   2      //              set_SEG9EN;
 369   2      
 370   2                      switch (bai) {
 371   3                      case 0:
 372   3                              LCDPTR = 8;
*** ERROR C202 IN LINE 372 OF ..\Bsp\src\bsp_display.c: 'LCDPTR': undefined identifier
 373   3                              LCDDAT = COM1 + COM3;
*** ERROR C202 IN LINE 373 OF ..\Bsp\src\bsp_display.c: 'LCDDAT': undefined identifier
 374   3      
 375   3                              LCDPTR = 9;
*** ERROR C202 IN LINE 375 OF ..\Bsp\src\bsp_display.c: 'LCDPTR': undefined identifier
 376   3                              LCDDAT = COM0 + COM1 + COM2 + COM3;
*** ERROR C202 IN LINE 376 OF ..\Bsp\src\bsp_display.c: 'LCDDAT': undefined identifier
 377   3                              break;
 378   3                      case 1:
 379   3                              LCDPTR = 8;
*** ERROR C202 IN LINE 379 OF ..\Bsp\src\bsp_display.c: 'LCDPTR': undefined identifier
 380   3                              LCDDAT &= ~(COM1 + COM2 + COM3);
*** ERROR C202 IN LINE 380 OF ..\Bsp\src\bsp_display.c: 'LCDDAT': undefined identifier
 381   3      
 382   3                              LCDPTR = 9;
*** ERROR C202 IN LINE 382 OF ..\Bsp\src\bsp_display.c: 'LCDPTR': undefined identifier
 383   3                              LCDDAT = COM1 + COM2;
*** ERROR C202 IN LINE 383 OF ..\Bsp\src\bsp_display.c: 'LCDDAT': undefined identifier
 384   3                              break;
 385   3                      case 2:
 386   3                              LCDPTR = 8;
*** ERROR C202 IN LINE 386 OF ..\Bsp\src\bsp_display.c: 'LCDPTR': undefined identifier
 387   3                              LCDDAT = COM2 + COM3;
*** ERROR C202 IN LINE 387 OF ..\Bsp\src\bsp_display.c: 'LCDDAT': undefined identifier
C51 COMPILER V9.56.0.0   BSP_DISPLAY                                                       08/04/2017 21:54:35 PAGE 10  

 388   3      
 389   3                              LCDPTR = 9;
*** ERROR C202 IN LINE 389 OF ..\Bsp\src\bsp_display.c: 'LCDPTR': undefined identifier
 390   3                              LCDDAT = COM0 + COM1 + COM3;
*** ERROR C202 IN LINE 390 OF ..\Bsp\src\bsp_display.c: 'LCDDAT': undefined identifier
 391   3                              break;
 392   3                      case 3:
 393   3                              LCDPTR = 8;
*** ERROR C202 IN LINE 393 OF ..\Bsp\src\bsp_display.c: 'LCDPTR': undefined identifier
 394   3                              LCDDAT = COM2;
*** ERROR C202 IN LINE 394 OF ..\Bsp\src\bsp_display.c: 'LCDDAT': undefined identifier
 395   3      
 396   3                              LCDPTR = 9;
*** ERROR C202 IN LINE 396 OF ..\Bsp\src\bsp_display.c: 'LCDPTR': undefined identifier
 397   3                              LCDDAT = COM0 + COM1 + COM2 + COM3;
*** ERROR C202 IN LINE 397 OF ..\Bsp\src\bsp_display.c: 'LCDDAT': undefined identifier
 398   3                              break;
 399   3                      case 4:
 400   3                              LCDPTR = 8;
*** ERROR C202 IN LINE 400 OF ..\Bsp\src\bsp_display.c: 'LCDPTR': undefined identifier
 401   3                              LCDDAT = COM1 + COM2;
*** ERROR C202 IN LINE 401 OF ..\Bsp\src\bsp_display.c: 'LCDDAT': undefined identifier
 402   3      
 403   3                              LCDPTR = 9;
*** ERROR C202 IN LINE 403 OF ..\Bsp\src\bsp_display.c: 'LCDPTR': undefined identifier
 404   3                              LCDDAT = COM1 + COM2;
*** ERROR C202 IN LINE 404 OF ..\Bsp\src\bsp_display.c: 'LCDDAT': undefined identifier
 405   3                              break;
 406   3                      case 5:
 407   3                              LCDPTR = 8;
*** ERROR C202 IN LINE 407 OF ..\Bsp\src\bsp_display.c: 'LCDPTR': undefined identifier
 408   3                              LCDDAT = COM1 + COM2;
*** ERROR C202 IN LINE 408 OF ..\Bsp\src\bsp_display.c: 'LCDDAT': undefined identifier
 409   3      
 410   3                              LCDPTR = 9;
*** ERROR C202 IN LINE 410 OF ..\Bsp\src\bsp_display.c: 'LCDPTR': undefined identifier
 411   3                              LCDDAT = COM0 + COM2 + COM3;
*** ERROR C202 IN LINE 411 OF ..\Bsp\src\bsp_display.c: 'LCDDAT': undefined identifier
 412   3                              break;
 413   3                      case 6:
 414   3                              LCDPTR = 8;
*** ERROR C202 IN LINE 414 OF ..\Bsp\src\bsp_display.c: 'LCDPTR': undefined identifier
 415   3                              LCDDAT = COM1 + COM2 + COM3;
*** ERROR C202 IN LINE 415 OF ..\Bsp\src\bsp_display.c: 'LCDDAT': undefined identifier
 416   3      
 417   3                              LCDPTR = 9;
*** ERROR C202 IN LINE 417 OF ..\Bsp\src\bsp_display.c: 'LCDPTR': undefined identifier
 418   3                              LCDDAT = COM0 + COM2 + COM3;
*** ERROR C202 IN LINE 418 OF ..\Bsp\src\bsp_display.c: 'LCDDAT': undefined identifier
 419   3                              break;
 420   3                      case 7:
 421   3                              LCDPTR = 8;
*** ERROR C202 IN LINE 421 OF ..\Bsp\src\bsp_display.c: 'LCDPTR': undefined identifier
 422   3                              LCDDAT &= ~(COM1 + COM2 + COM3);
*** ERROR C202 IN LINE 422 OF ..\Bsp\src\bsp_display.c: 'LCDDAT': undefined identifier
 423   3      
 424   3                              LCDPTR = 9;
*** ERROR C202 IN LINE 424 OF ..\Bsp\src\bsp_display.c: 'LCDPTR': undefined identifier
 425   3                              LCDDAT = COM0 + COM1 + COM2;
*** ERROR C202 IN LINE 425 OF ..\Bsp\src\bsp_display.c: 'LCDDAT': undefined identifier
 426   3                              break;
 427   3                      case 8:
C51 COMPILER V9.56.0.0   BSP_DISPLAY                                                       08/04/2017 21:54:35 PAGE 11  

 428   3                              LCDPTR = 8;
*** ERROR C202 IN LINE 428 OF ..\Bsp\src\bsp_display.c: 'LCDPTR': undefined identifier
 429   3                              LCDDAT = COM1 + COM2 + COM3;
*** ERROR C202 IN LINE 429 OF ..\Bsp\src\bsp_display.c: 'LCDDAT': undefined identifier
 430   3      
 431   3                              LCDPTR = 9;
*** ERROR C202 IN LINE 431 OF ..\Bsp\src\bsp_display.c: 'LCDPTR': undefined identifier
 432   3                              LCDDAT = COM0 + COM1 + COM2 + COM3;
*** ERROR C202 IN LINE 432 OF ..\Bsp\src\bsp_display.c: 'LCDDAT': undefined identifier
 433   3                              break;
 434   3                      case 9:
 435   3                              LCDPTR = 8;
*** ERROR C202 IN LINE 435 OF ..\Bsp\src\bsp_display.c: 'LCDPTR': undefined identifier
 436   3                              LCDDAT = COM1 + COM2;
*** ERROR C202 IN LINE 436 OF ..\Bsp\src\bsp_display.c: 'LCDDAT': undefined identifier
 437   3      
 438   3                              LCDPTR = 9;
*** ERROR C202 IN LINE 438 OF ..\Bsp\src\bsp_display.c: 'LCDPTR': undefined identifier
 439   3                              LCDDAT = COM0 + COM1 + COM2 + COM3;
*** ERROR C202 IN LINE 439 OF ..\Bsp\src\bsp_display.c: 'LCDDAT': undefined identifier
 440   3                              break;
 441   3                      }
 442   2              } else {
 443   2                      LCDPTR = 8;
*** ERROR C202 IN LINE 443 OF ..\Bsp\src\bsp_display.c: 'LCDPTR': undefined identifier
 444   2                      LCDDAT &= ~(COM1 + COM2 + COM3);
*** ERROR C202 IN LINE 444 OF ..\Bsp\src\bsp_display.c: 'LCDDAT': undefined identifier
 445   2      
 446   2                      LCDPTR = 9;
*** ERROR C202 IN LINE 446 OF ..\Bsp\src\bsp_display.c: 'LCDPTR': undefined identifier
 447   2                      LCDDAT = 0;
*** ERROR C202 IN LINE 447 OF ..\Bsp\src\bsp_display.c: 'LCDDAT': undefined identifier
 448   2              }
 449   1              if (num > 9) {
 450   2                      set_SEG10EN;
*** ERROR C202 IN LINE 450 OF ..\Bsp\src\bsp_display.c: 'set_SEG10EN': undefined identifier
 451   2                      set_SEG11EN;
*** ERROR C202 IN LINE 451 OF ..\Bsp\src\bsp_display.c: 'set_SEG11EN': undefined identifier
 452   2      
 453   2                      switch (shi) {
 454   3                      case 0:
 455   3                              LCDPTR = 10;
*** ERROR C202 IN LINE 455 OF ..\Bsp\src\bsp_display.c: 'LCDPTR': undefined identifier
 456   3                              LCDDAT = COM1 + COM3;
*** ERROR C202 IN LINE 456 OF ..\Bsp\src\bsp_display.c: 'LCDDAT': undefined identifier
 457   3      
 458   3                              LCDPTR = 11;
*** ERROR C202 IN LINE 458 OF ..\Bsp\src\bsp_display.c: 'LCDPTR': undefined identifier
 459   3                              LCDDAT = COM0 + COM1 + COM2 + COM3;
*** ERROR C202 IN LINE 459 OF ..\Bsp\src\bsp_display.c: 'LCDDAT': undefined identifier
 460   3                              break;
 461   3                      case 1:
 462   3                              LCDPTR = 10;
*** ERROR C202 IN LINE 462 OF ..\Bsp\src\bsp_display.c: 'LCDPTR': undefined identifier
 463   3                              LCDDAT &= ~(COM1 + COM2 + COM3);
*** ERROR C202 IN LINE 463 OF ..\Bsp\src\bsp_display.c: 'LCDDAT': undefined identifier
 464   3      
 465   3                              LCDPTR = 11;
*** ERROR C202 IN LINE 465 OF ..\Bsp\src\bsp_display.c: 'LCDPTR': undefined identifier
 466   3                              LCDDAT = COM1 + COM2;
*** ERROR C202 IN LINE 466 OF ..\Bsp\src\bsp_display.c: 'LCDDAT': undefined identifier
 467   3                              break;
C51 COMPILER V9.56.0.0   BSP_DISPLAY                                                       08/04/2017 21:54:35 PAGE 12  

 468   3                      case 2:
 469   3                              LCDPTR = 10;
*** ERROR C202 IN LINE 469 OF ..\Bsp\src\bsp_display.c: 'LCDPTR': undefined identifier
 470   3                              LCDDAT = COM2 + COM3;
*** ERROR C202 IN LINE 470 OF ..\Bsp\src\bsp_display.c: 'LCDDAT': undefined identifier
 471   3      
 472   3                              LCDPTR = 11;
*** ERROR C202 IN LINE 472 OF ..\Bsp\src\bsp_display.c: 'LCDPTR': undefined identifier
 473   3                              LCDDAT = COM0 + COM1 + COM3;
*** ERROR C202 IN LINE 473 OF ..\Bsp\src\bsp_display.c: 'LCDDAT': undefined identifier
 474   3                              break;
 475   3                      case 3:
 476   3                              LCDPTR = 10;
*** ERROR C202 IN LINE 476 OF ..\Bsp\src\bsp_display.c: 'LCDPTR': undefined identifier
 477   3                              LCDDAT = COM2;
*** ERROR C202 IN LINE 477 OF ..\Bsp\src\bsp_display.c: 'LCDDAT': undefined identifier
 478   3      
 479   3                              LCDPTR = 11;
*** ERROR C202 IN LINE 479 OF ..\Bsp\src\bsp_display.c: 'LCDPTR': undefined identifier
 480   3                              LCDDAT = COM0 + COM1 + COM2 + COM3;
*** ERROR C202 IN LINE 480 OF ..\Bsp\src\bsp_display.c: 'LCDDAT': undefined identifier
 481   3                              break;
 482   3                      case 4:
 483   3                              LCDPTR = 10;
*** ERROR C202 IN LINE 483 OF ..\Bsp\src\bsp_display.c: 'LCDPTR': undefined identifier
 484   3                              LCDDAT = COM1 + COM2;
*** ERROR C202 IN LINE 484 OF ..\Bsp\src\bsp_display.c: 'LCDDAT': undefined identifier
 485   3      
 486   3                              LCDPTR = 11;
*** ERROR C202 IN LINE 486 OF ..\Bsp\src\bsp_display.c: 'LCDPTR': undefined identifier
 487   3                              LCDDAT = COM1 + COM2;
*** ERROR C202 IN LINE 487 OF ..\Bsp\src\bsp_display.c: 'LCDDAT': undefined identifier
 488   3                              break;
 489   3                      case 5:
 490   3                              LCDPTR = 10;
*** ERROR C202 IN LINE 490 OF ..\Bsp\src\bsp_display.c: 'LCDPTR': undefined identifier
 491   3                              LCDDAT = COM1 + COM2;
*** ERROR C202 IN LINE 491 OF ..\Bsp\src\bsp_display.c: 'LCDDAT': undefined identifier
 492   3      
 493   3                              LCDPTR = 11;
*** ERROR C202 IN LINE 493 OF ..\Bsp\src\bsp_display.c: 'LCDPTR': undefined identifier
 494   3                              LCDDAT = COM0 + COM2 + COM3;
*** ERROR C202 IN LINE 494 OF ..\Bsp\src\bsp_display.c: 'LCDDAT': undefined identifier
 495   3                              break;
 496   3                      case 6:
 497   3                              LCDPTR = 10;
*** ERROR C202 IN LINE 497 OF ..\Bsp\src\bsp_display.c: 'LCDPTR': undefined identifier
 498   3                              LCDDAT = COM1 + COM2 + COM3;
*** ERROR C202 IN LINE 498 OF ..\Bsp\src\bsp_display.c: 'LCDDAT': undefined identifier
 499   3      
 500   3                              LCDPTR = 11;
*** ERROR C202 IN LINE 500 OF ..\Bsp\src\bsp_display.c: 'LCDPTR': undefined identifier
 501   3                              LCDDAT = COM0 + COM2 + COM3;
*** ERROR C202 IN LINE 501 OF ..\Bsp\src\bsp_display.c: 'LCDDAT': undefined identifier
 502   3                              break;
 503   3                      case 7:
 504   3                              LCDPTR = 10;
*** ERROR C202 IN LINE 504 OF ..\Bsp\src\bsp_display.c: 'LCDPTR': undefined identifier
 505   3                              LCDDAT &= ~(COM1 + COM2 + COM3);
*** ERROR C202 IN LINE 505 OF ..\Bsp\src\bsp_display.c: 'LCDDAT': undefined identifier
 506   3      
 507   3                              LCDPTR = 11;
C51 COMPILER V9.56.0.0   BSP_DISPLAY                                                       08/04/2017 21:54:35 PAGE 13  

*** ERROR C202 IN LINE 507 OF ..\Bsp\src\bsp_display.c: 'LCDPTR': undefined identifier
 508   3                              LCDDAT = COM0 + COM1 + COM2;
*** ERROR C202 IN LINE 508 OF ..\Bsp\src\bsp_display.c: 'LCDDAT': undefined identifier
 509   3                              break;
 510   3                      case 8:
 511   3                              LCDPTR = 10;
*** ERROR C202 IN LINE 511 OF ..\Bsp\src\bsp_display.c: 'LCDPTR': undefined identifier
 512   3                              LCDDAT = COM1 + COM2 + COM3;
*** ERROR C202 IN LINE 512 OF ..\Bsp\src\bsp_display.c: 'LCDDAT': undefined identifier
 513   3      
 514   3                              LCDPTR = 11;
*** ERROR C202 IN LINE 514 OF ..\Bsp\src\bsp_display.c: 'LCDPTR': undefined identifier
 515   3                              LCDDAT = COM0 + COM1 + COM2 + COM3;
*** ERROR C202 IN LINE 515 OF ..\Bsp\src\bsp_display.c: 'LCDDAT': undefined identifier
 516   3                              break;
 517   3                      case 9:
 518   3                              LCDPTR = 10;
*** ERROR C202 IN LINE 518 OF ..\Bsp\src\bsp_display.c: 'LCDPTR': undefined identifier
 519   3                              LCDDAT = COM1 + COM2;
*** ERROR C202 IN LINE 519 OF ..\Bsp\src\bsp_display.c: 'LCDDAT': undefined identifier
 520   3      
 521   3                              LCDPTR = 11;
*** ERROR C202 IN LINE 521 OF ..\Bsp\src\bsp_display.c: 'LCDPTR': undefined identifier
 522   3                              LCDDAT = COM0 + COM1 + COM2 + COM3;
*** ERROR C202 IN LINE 522 OF ..\Bsp\src\bsp_display.c: 'LCDDAT': undefined identifier
 523   3                              break;
 524   3                      }
 525   2              } else {
 526   2      //              clr_SEG10EN;
 527   2      //              clr_SEG11EN;
 528   2                      LCDPTR = 10;
*** ERROR C202 IN LINE 528 OF ..\Bsp\src\bsp_display.c: 'LCDPTR': undefined identifier
 529   2                      LCDDAT &= ~(COM1 + COM2 + COM3);
*** ERROR C202 IN LINE 529 OF ..\Bsp\src\bsp_display.c: 'LCDDAT': undefined identifier
 530   2      
 531   2                      LCDPTR = 11;
*** ERROR C202 IN LINE 531 OF ..\Bsp\src\bsp_display.c: 'LCDPTR': undefined identifier
 532   2                      LCDDAT = 0;
*** ERROR C202 IN LINE 532 OF ..\Bsp\src\bsp_display.c: 'LCDDAT': undefined identifier
 533   2              }
 534   1      //      set_SEG12EN;
 535   1      //      set_SEG13EN;
 536   1              switch (ge) {
 537   2              case 0:
 538   2                      LCDPTR = 12;
*** ERROR C202 IN LINE 538 OF ..\Bsp\src\bsp_display.c: 'LCDPTR': undefined identifier
 539   2                      LCDDAT = COM1 + COM3;
*** ERROR C202 IN LINE 539 OF ..\Bsp\src\bsp_display.c: 'LCDDAT': undefined identifier
 540   2      
 541   2                      LCDPTR = 13;
*** ERROR C202 IN LINE 541 OF ..\Bsp\src\bsp_display.c: 'LCDPTR': undefined identifier
 542   2                      LCDDAT = COM0 + COM1 + COM2 + COM3;
*** ERROR C202 IN LINE 542 OF ..\Bsp\src\bsp_display.c: 'LCDDAT': undefined identifier
 543   2                      break;
 544   2              case 1:
 545   2                      LCDPTR = 12;
*** ERROR C202 IN LINE 545 OF ..\Bsp\src\bsp_display.c: 'LCDPTR': undefined identifier
 546   2                      LCDDAT &= ~(COM1 + COM2 + COM3);
*** ERROR C202 IN LINE 546 OF ..\Bsp\src\bsp_display.c: 'LCDDAT': undefined identifier
 547   2      
 548   2                      LCDPTR = 13;
*** ERROR C202 IN LINE 548 OF ..\Bsp\src\bsp_display.c: 'LCDPTR': undefined identifier
C51 COMPILER V9.56.0.0   BSP_DISPLAY                                                       08/04/2017 21:54:35 PAGE 14  

 549   2                      LCDDAT = COM1 + COM2;
*** ERROR C202 IN LINE 549 OF ..\Bsp\src\bsp_display.c: 'LCDDAT': undefined identifier
 550   2                      break;
 551   2              case 2:
 552   2                      LCDPTR = 12;
*** ERROR C202 IN LINE 552 OF ..\Bsp\src\bsp_display.c: 'LCDPTR': undefined identifier
 553   2                      LCDDAT = COM2 + COM3;
*** ERROR C202 IN LINE 553 OF ..\Bsp\src\bsp_display.c: 'LCDDAT': undefined identifier
 554   2      
 555   2                      LCDPTR = 13;
*** ERROR C202 IN LINE 555 OF ..\Bsp\src\bsp_display.c: 'LCDPTR': undefined identifier
 556   2                      LCDDAT = COM0 + COM1 + COM3;
*** ERROR C202 IN LINE 556 OF ..\Bsp\src\bsp_display.c: 'LCDDAT': undefined identifier
 557   2                      break;
 558   2              case 3:
 559   2                      LCDPTR = 12;
*** ERROR C202 IN LINE 559 OF ..\Bsp\src\bsp_display.c: 'LCDPTR': undefined identifier
 560   2                      LCDDAT = COM2;
*** ERROR C202 IN LINE 560 OF ..\Bsp\src\bsp_display.c: 'LCDDAT': undefined identifier
 561   2      
 562   2                      LCDPTR = 13;
*** ERROR C202 IN LINE 562 OF ..\Bsp\src\bsp_display.c: 'LCDPTR': undefined identifier
 563   2                      LCDDAT = COM0 + COM1 + COM2 + COM3;
*** ERROR C202 IN LINE 563 OF ..\Bsp\src\bsp_display.c: 'LCDDAT': undefined identifier
 564   2                      break;
 565   2              case 4:
 566   2                      LCDPTR = 12;
*** ERROR C202 IN LINE 566 OF ..\Bsp\src\bsp_display.c: 'LCDPTR': undefined identifier
 567   2                      LCDDAT = COM1 + COM2;
*** ERROR C202 IN LINE 567 OF ..\Bsp\src\bsp_display.c: 'LCDDAT': undefined identifier
 568   2      
 569   2                      LCDPTR = 13;
*** ERROR C202 IN LINE 569 OF ..\Bsp\src\bsp_display.c: 'LCDPTR': undefined identifier
 570   2                      LCDDAT = COM1 + COM2;
*** ERROR C202 IN LINE 570 OF ..\Bsp\src\bsp_display.c: 'LCDDAT': undefined identifier
 571   2                      break;
 572   2              case 5:
 573   2                      LCDPTR = 12;
*** ERROR C202 IN LINE 573 OF ..\Bsp\src\bsp_display.c: 'LCDPTR': undefined identifier
 574   2                      LCDDAT = COM1 + COM2;
*** ERROR C202 IN LINE 574 OF ..\Bsp\src\bsp_display.c: 'LCDDAT': undefined identifier
 575   2      
 576   2                      LCDPTR = 13;
*** ERROR C202 IN LINE 576 OF ..\Bsp\src\bsp_display.c: 'LCDPTR': undefined identifier
 577   2                      LCDDAT = COM0 + COM2 + COM3;
*** ERROR C202 IN LINE 577 OF ..\Bsp\src\bsp_display.c: 'LCDDAT': undefined identifier
 578   2                      break;
 579   2              case 6:
 580   2                      LCDPTR = 12;
*** ERROR C202 IN LINE 580 OF ..\Bsp\src\bsp_display.c: 'LCDPTR': undefined identifier
 581   2                      LCDDAT = COM1 + COM2 + COM3;
*** ERROR C202 IN LINE 581 OF ..\Bsp\src\bsp_display.c: 'LCDDAT': undefined identifier
 582   2      
 583   2                      LCDPTR = 13;
*** ERROR C202 IN LINE 583 OF ..\Bsp\src\bsp_display.c: 'LCDPTR': undefined identifier
 584   2                      LCDDAT = COM0 + COM2 + COM3;
*** ERROR C202 IN LINE 584 OF ..\Bsp\src\bsp_display.c: 'LCDDAT': undefined identifier
 585   2                      break;
 586   2              case 7:
 587   2                      LCDPTR = 12;
*** ERROR C202 IN LINE 587 OF ..\Bsp\src\bsp_display.c: 'LCDPTR': undefined identifier
 588   2                      LCDDAT &= ~(COM1 + COM2 + COM3);
C51 COMPILER V9.56.0.0   BSP_DISPLAY                                                       08/04/2017 21:54:35 PAGE 15  

*** ERROR C202 IN LINE 588 OF ..\Bsp\src\bsp_display.c: 'LCDDAT': undefined identifier
 589   2      
 590   2                      LCDPTR = 13;
*** ERROR C202 IN LINE 590 OF ..\Bsp\src\bsp_display.c: 'LCDPTR': undefined identifier
 591   2                      LCDDAT = COM0 + COM1 + COM2;
*** ERROR C202 IN LINE 591 OF ..\Bsp\src\bsp_display.c: 'LCDDAT': undefined identifier
 592   2                      break;
 593   2              case 8:
 594   2                      LCDPTR = 12;
*** ERROR C202 IN LINE 594 OF ..\Bsp\src\bsp_display.c: 'LCDPTR': undefined identifier
 595   2                      LCDDAT = COM1 + COM2 + COM3;
*** ERROR C202 IN LINE 595 OF ..\Bsp\src\bsp_display.c: 'LCDDAT': undefined identifier
 596   2      
 597   2                      LCDPTR = 13;
*** ERROR C202 IN LINE 597 OF ..\Bsp\src\bsp_display.c: 'LCDPTR': undefined identifier
 598   2                      LCDDAT = COM0 + COM1 + COM2 + COM3;
*** ERROR C202 IN LINE 598 OF ..\Bsp\src\bsp_display.c: 'LCDDAT': undefined identifier
 599   2                      break;
 600   2              case 9:
 601   2                      LCDPTR = 12;
*** ERROR C202 IN LINE 601 OF ..\Bsp\src\bsp_display.c: 'LCDPTR': undefined identifier
 602   2                      LCDDAT = COM1 + COM2;
*** ERROR C202 IN LINE 602 OF ..\Bsp\src\bsp_display.c: 'LCDDAT': undefined identifier
 603   2      
 604   2                      LCDPTR = 13;
*** ERROR C202 IN LINE 604 OF ..\Bsp\src\bsp_display.c: 'LCDPTR': undefined identifier
 605   2                      LCDDAT = COM0 + COM1 + COM2 + COM3;
*** ERROR C202 IN LINE 605 OF ..\Bsp\src\bsp_display.c: 'LCDDAT': undefined identifier
 606   2                      break;
 607   2              }
 608   1      }
 609          void LCD_Clear_QS_ICO(void) {
 610   1      //      clr_SEG2EN;
 611   1              LCDPTR = 2;
*** ERROR C202 IN LINE 611 OF ..\Bsp\src\bsp_display.c: 'LCDPTR': undefined identifier
 612   1              LCDDAT &= ~ COM0;
*** ERROR C202 IN LINE 612 OF ..\Bsp\src\bsp_display.c: 'LCDDAT': undefined identifier
 613   1      }
 614          void LCD_Show_QS_ICO(void) {
 615   1      //      set_SEG2EN;
 616   1              LCDPTR = 2;
*** ERROR C202 IN LINE 616 OF ..\Bsp\src\bsp_display.c: 'LCDPTR': undefined identifier
 617   1              LCDDAT |= COM0;
*** ERROR C202 IN LINE 617 OF ..\Bsp\src\bsp_display.c: 'LCDDAT': undefined identifier
 618   1      }
 619          void LCD_Clear_COACH_ICO(void) {
 620   1      //      clr_SEG4EN;
 621   1              LCDPTR = 4;
*** ERROR C202 IN LINE 621 OF ..\Bsp\src\bsp_display.c: 'LCDPTR': undefined identifier
 622   1              LCDDAT &= ~COM0;
*** ERROR C202 IN LINE 622 OF ..\Bsp\src\bsp_display.c: 'LCDDAT': undefined identifier
 623   1      }
 624          void LCD_Show_COACH_ICO(void) {
 625   1      //      set_SEG4EN;
 626   1              LCDPTR = 4;
*** ERROR C202 IN LINE 626 OF ..\Bsp\src\bsp_display.c: 'LCDPTR': undefined identifier
 627   1              LCDDAT = COM0;
*** ERROR C202 IN LINE 627 OF ..\Bsp\src\bsp_display.c: 'LCDDAT': undefined identifier
 628   1      }
 629          void LCD_Clear_Line_down(void) {
 630   1      //      clr_SEG8EN;
 631   1              LCDPTR = 8;
C51 COMPILER V9.56.0.0   BSP_DISPLAY                                                       08/04/2017 21:54:35 PAGE 16  

*** ERROR C202 IN LINE 631 OF ..\Bsp\src\bsp_display.c: 'LCDPTR': undefined identifier
 632   1              LCDDAT &= ~COM0;
*** ERROR C202 IN LINE 632 OF ..\Bsp\src\bsp_display.c: 'LCDDAT': undefined identifier
 633   1      }
 634          void LCD_Show_Line_down(void) {
 635   1      //      set_SEG8EN;
 636   1              LCDPTR = 8;
*** ERROR C202 IN LINE 636 OF ..\Bsp\src\bsp_display.c: 'LCDPTR': undefined identifier
 637   1              LCDDAT |= COM0;
*** ERROR C202 IN LINE 637 OF ..\Bsp\src\bsp_display.c: 'LCDDAT': undefined identifier
 638   1      }
 639          void LCD_Clear_Heart_ICO(void) {
 640   1      //      clr_SEG0EN;
 641   1              LCDPTR = 0;
*** ERROR C202 IN LINE 641 OF ..\Bsp\src\bsp_display.c: 'LCDPTR': undefined identifier
 642   1              LCDDAT &= ~COM0;
*** ERROR C202 IN LINE 642 OF ..\Bsp\src\bsp_display.c: 'LCDDAT': undefined identifier
 643   1      }
 644          void LCD_Show_Heart_ICO(void) {
 645   1      //      set_SEG0EN;
 646   1              LCDPTR = 0;
*** ERROR C202 IN LINE 646 OF ..\Bsp\src\bsp_display.c: 'LCDPTR': undefined identifier
 647   1              LCDDAT |= COM0;
*** ERROR C202 IN LINE 647 OF ..\Bsp\src\bsp_display.c: 'LCDDAT': undefined identifier
 648   1      }
 649          void LCD_Clear_CAL_Num(void) {
 650   1      
 651   1              LCDPTR = 0;
*** ERROR C202 IN LINE 651 OF ..\Bsp\src\bsp_display.c: 'LCDPTR': undefined identifier
 652   1              LCDDAT &= ~(COM1 + COM2 + COM3);
*** ERROR C202 IN LINE 652 OF ..\Bsp\src\bsp_display.c: 'LCDDAT': undefined identifier
 653   1      //      LCDDAT = COM1 + COM2 + COM3;
 654   1      
 655   1              LCDPTR = 1;
*** ERROR C202 IN LINE 655 OF ..\Bsp\src\bsp_display.c: 'LCDPTR': undefined identifier
 656   1              LCDDAT = 0;
*** ERROR C202 IN LINE 656 OF ..\Bsp\src\bsp_display.c: 'LCDDAT': undefined identifier
 657   1      //      LCDDAT = COM0 + COM1 + COM2 + COM3;
 658   1      
 659   1              LCDPTR = 2;
*** ERROR C202 IN LINE 659 OF ..\Bsp\src\bsp_display.c: 'LCDPTR': undefined identifier
 660   1              LCDDAT &= ~(COM1 + COM2 + COM3);
*** ERROR C202 IN LINE 660 OF ..\Bsp\src\bsp_display.c: 'LCDDAT': undefined identifier
 661   1      //      LCDDAT = COM1 + COM2 + COM3;
 662   1      
 663   1              LCDPTR = 3;
*** ERROR C202 IN LINE 663 OF ..\Bsp\src\bsp_display.c: 'LCDPTR': undefined identifier
 664   1              LCDDAT = 0;
*** ERROR C202 IN LINE 664 OF ..\Bsp\src\bsp_display.c: 'LCDDAT': undefined identifier
 665   1      //      LCDDAT = COM0 + COM1 + COM2 + COM3;
 666   1      
 667   1              LCDPTR = 4;
*** ERROR C202 IN LINE 667 OF ..\Bsp\src\bsp_display.c: 'LCDPTR': undefined identifier
 668   1              LCDDAT &= ~(COM1 + COM2 + COM3);
*** ERROR C202 IN LINE 668 OF ..\Bsp\src\bsp_display.c: 'LCDDAT': undefined identifier
 669   1      //      LCDDAT = COM1 + COM2 + COM3;
 670   1      
 671   1              LCDPTR = 5;
*** ERROR C202 IN LINE 671 OF ..\Bsp\src\bsp_display.c: 'LCDPTR': undefined identifier
 672   1              LCDDAT = 0;
*** ERROR C202 IN LINE 672 OF ..\Bsp\src\bsp_display.c: 'LCDDAT': undefined identifier
 673   1      //      LCDDAT = COM0 + COM1 + COM2 + COM3;
C51 COMPILER V9.56.0.0   BSP_DISPLAY                                                       08/04/2017 21:54:35 PAGE 17  

 674   1      
 675   1              LCDPTR = 6;
*** ERROR C202 IN LINE 675 OF ..\Bsp\src\bsp_display.c: 'LCDPTR': undefined identifier
 676   1              LCDDAT &= ~(COM1 + COM2 + COM3);
*** ERROR C202 IN LINE 676 OF ..\Bsp\src\bsp_display.c: 'LCDDAT': undefined identifier
 677   1      //      LCDDAT = COM1 + COM2 + COM3;
 678   1      
 679   1              LCDPTR = 7;
*** ERROR C202 IN LINE 679 OF ..\Bsp\src\bsp_display.c: 'LCDPTR': undefined identifier
 680   1              LCDDAT = 0;
*** ERROR C202 IN LINE 680 OF ..\Bsp\src\bsp_display.c: 'LCDDAT': undefined identifier
 681   1      //      LCDDAT = COM0 + COM1 + COM2 + COM3;
 682   1      }
 683          void LCD_Show_CAL_Num(uint16_t num) {
 684   1              uint8_t ge;
 685   1              uint8_t shi;
 686   1              uint8_t bai;
 687   1              uint8_t qian;
 688   1      
 689   1              if (num > 9999) {
 690   2                      return;
 691   2              }
 692   1              qian = num / 1000;
 693   1              bai = num % 1000 / 100;
 694   1              shi = num % 100 / 10;
 695   1              ge = num % 10;
 696   1              if (num > 999) {
 697   2      //              set_SEG0EN;
 698   2      //              set_SEG1EN;
 699   2      
 700   2                      switch (qian) {
 701   3                      case 0:
 702   3                              LCDPTR = 0;
*** ERROR C202 IN LINE 702 OF ..\Bsp\src\bsp_display.c: 'LCDPTR': undefined identifier
 703   3                              LCDDAT = COM1 + COM3;
*** ERROR C202 IN LINE 703 OF ..\Bsp\src\bsp_display.c: 'LCDDAT': undefined identifier
 704   3      
 705   3                              LCDPTR = 1;
*** ERROR C202 IN LINE 705 OF ..\Bsp\src\bsp_display.c: 'LCDPTR': undefined identifier
 706   3                              LCDDAT = COM0 + COM1 + COM2 + COM3;
*** ERROR C202 IN LINE 706 OF ..\Bsp\src\bsp_display.c: 'LCDDAT': undefined identifier
 707   3                              break;
 708   3                      case 1:
 709   3                              LCDPTR = 0;
*** ERROR C202 IN LINE 709 OF ..\Bsp\src\bsp_display.c: 'LCDPTR': undefined identifier
 710   3                              LCDDAT &= ~(COM1 + COM2 + COM3);
*** ERROR C202 IN LINE 710 OF ..\Bsp\src\bsp_display.c: 'LCDDAT': undefined identifier
 711   3      
 712   3                              LCDPTR = 1;
*** ERROR C202 IN LINE 712 OF ..\Bsp\src\bsp_display.c: 'LCDPTR': undefined identifier
 713   3                              LCDDAT = COM1 + COM2;
*** ERROR C202 IN LINE 713 OF ..\Bsp\src\bsp_display.c: 'LCDDAT': undefined identifier
 714   3                              break;
 715   3                      case 2:
 716   3                              LCDPTR = 0;
*** ERROR C202 IN LINE 716 OF ..\Bsp\src\bsp_display.c: 'LCDPTR': undefined identifier
 717   3                              LCDDAT = COM2 + COM3;
*** ERROR C202 IN LINE 717 OF ..\Bsp\src\bsp_display.c: 'LCDDAT': undefined identifier
 718   3      
 719   3                              LCDPTR = 1;
*** ERROR C202 IN LINE 719 OF ..\Bsp\src\bsp_display.c: 'LCDPTR': undefined identifier
 720   3                              LCDDAT = COM0 + COM1 + COM3;
C51 COMPILER V9.56.0.0   BSP_DISPLAY                                                       08/04/2017 21:54:35 PAGE 18  

*** ERROR C202 IN LINE 720 OF ..\Bsp\src\bsp_display.c: 'LCDDAT': undefined identifier
 721   3                              break;
 722   3                      case 3:
 723   3                              LCDPTR = 0;
*** ERROR C202 IN LINE 723 OF ..\Bsp\src\bsp_display.c: 'LCDPTR': undefined identifier
 724   3                              LCDDAT = COM2;
*** ERROR C202 IN LINE 724 OF ..\Bsp\src\bsp_display.c: 'LCDDAT': undefined identifier
 725   3      
 726   3                              LCDPTR = 1;
*** ERROR C202 IN LINE 726 OF ..\Bsp\src\bsp_display.c: 'LCDPTR': undefined identifier
 727   3                              LCDDAT = COM0 + COM1 + COM2 + COM3;
*** ERROR C202 IN LINE 727 OF ..\Bsp\src\bsp_display.c: 'LCDDAT': undefined identifier
 728   3                              break;
 729   3                      case 4:
 730   3                              LCDPTR = 0;
*** ERROR C202 IN LINE 730 OF ..\Bsp\src\bsp_display.c: 'LCDPTR': undefined identifier
 731   3                              LCDDAT = COM1 + COM2;
*** ERROR C202 IN LINE 731 OF ..\Bsp\src\bsp_display.c: 'LCDDAT': undefined identifier
 732   3      
 733   3                              LCDPTR = 1;
*** ERROR C202 IN LINE 733 OF ..\Bsp\src\bsp_display.c: 'LCDPTR': undefined identifier
 734   3                              LCDDAT = COM1 + COM2;
*** ERROR C202 IN LINE 734 OF ..\Bsp\src\bsp_display.c: 'LCDDAT': undefined identifier
 735   3                              break;
 736   3                      case 5:
 737   3                              LCDPTR = 0;
*** ERROR C202 IN LINE 737 OF ..\Bsp\src\bsp_display.c: 'LCDPTR': undefined identifier
 738   3                              LCDDAT = COM1 + COM2;
*** ERROR C202 IN LINE 738 OF ..\Bsp\src\bsp_display.c: 'LCDDAT': undefined identifier
 739   3      
 740   3                              LCDPTR = 1;
*** ERROR C202 IN LINE 740 OF ..\Bsp\src\bsp_display.c: 'LCDPTR': undefined identifier
 741   3                              LCDDAT = COM0 + COM2 + COM3;
*** ERROR C202 IN LINE 741 OF ..\Bsp\src\bsp_display.c: 'LCDDAT': undefined identifier
 742   3                              break;
 743   3                      case 6:
 744   3                              LCDPTR = 0;
*** ERROR C202 IN LINE 744 OF ..\Bsp\src\bsp_display.c: 'LCDPTR': undefined identifier
 745   3                              LCDDAT = COM1 + COM2 + COM3;
*** ERROR C202 IN LINE 745 OF ..\Bsp\src\bsp_display.c: 'LCDDAT': undefined identifier
 746   3      
 747   3                              LCDPTR = 1;
*** ERROR C202 IN LINE 747 OF ..\Bsp\src\bsp_display.c: 'LCDPTR': undefined identifier
 748   3                              LCDDAT = COM0 + COM2 + COM3;
*** ERROR C202 IN LINE 748 OF ..\Bsp\src\bsp_display.c: 'LCDDAT': undefined identifier
 749   3                              break;
 750   3                      case 7:
 751   3                              LCDPTR = 0;
*** ERROR C202 IN LINE 751 OF ..\Bsp\src\bsp_display.c: 'LCDPTR': undefined identifier
 752   3                              LCDDAT &= ~(COM1 + COM2 + COM3);
*** ERROR C202 IN LINE 752 OF ..\Bsp\src\bsp_display.c: 'LCDDAT': undefined identifier
 753   3      
 754   3                              LCDPTR = 1;
*** ERROR C202 IN LINE 754 OF ..\Bsp\src\bsp_display.c: 'LCDPTR': undefined identifier
 755   3                              LCDDAT = COM0 + COM1 + COM2;
*** ERROR C202 IN LINE 755 OF ..\Bsp\src\bsp_display.c: 'LCDDAT': undefined identifier
 756   3                              break;
 757   3                      case 8:
 758   3                              LCDPTR = 0;
*** ERROR C202 IN LINE 758 OF ..\Bsp\src\bsp_display.c: 'LCDPTR': undefined identifier
 759   3                              LCDDAT = COM1 + COM2 + COM3;
*** ERROR C202 IN LINE 759 OF ..\Bsp\src\bsp_display.c: 'LCDDAT': undefined identifier
C51 COMPILER V9.56.0.0   BSP_DISPLAY                                                       08/04/2017 21:54:35 PAGE 19  

 760   3      
 761   3                              LCDPTR = 1;
*** ERROR C202 IN LINE 761 OF ..\Bsp\src\bsp_display.c: 'LCDPTR': undefined identifier
 762   3                              LCDDAT = COM0 + COM1 + COM2 + COM3;
*** ERROR C202 IN LINE 762 OF ..\Bsp\src\bsp_display.c: 'LCDDAT': undefined identifier
 763   3                              break;
 764   3                      case 9:
 765   3                              LCDPTR = 0;
*** ERROR C202 IN LINE 765 OF ..\Bsp\src\bsp_display.c: 'LCDPTR': undefined identifier
 766   3                              LCDDAT = COM1 + COM2;
*** ERROR C202 IN LINE 766 OF ..\Bsp\src\bsp_display.c: 'LCDDAT': undefined identifier
 767   3      
 768   3                              LCDPTR = 1;
*** ERROR C202 IN LINE 768 OF ..\Bsp\src\bsp_display.c: 'LCDPTR': undefined identifier
 769   3                              LCDDAT = COM0 + COM1 + COM2 + COM3;
*** ERROR C202 IN LINE 769 OF ..\Bsp\src\bsp_display.c: 'LCDDAT': undefined identifier
 770   3                              break;
 771   3                      }
 772   2              } else {
 773   2                      LCDPTR = 0;
*** ERROR C202 IN LINE 773 OF ..\Bsp\src\bsp_display.c: 'LCDPTR': undefined identifier
 774   2                      LCDDAT &= ~(COM1 + COM2 + COM3);
*** ERROR C202 IN LINE 774 OF ..\Bsp\src\bsp_display.c: 'LCDDAT': undefined identifier
 775   2      
 776   2                      LCDPTR = 1;
*** ERROR C202 IN LINE 776 OF ..\Bsp\src\bsp_display.c: 'LCDPTR': undefined identifier
 777   2                      LCDDAT = 0;
*** ERROR C202 IN LINE 777 OF ..\Bsp\src\bsp_display.c: 'LCDDAT': undefined identifier
 778   2              }
 779   1              if (num > 99) {
 780   2      
 781   2                      switch (bai) {
 782   3                      case 0:
 783   3                              LCDPTR = 2;
*** ERROR C202 IN LINE 783 OF ..\Bsp\src\bsp_display.c: 'LCDPTR': undefined identifier
 784   3                              LCDDAT = COM1 + COM3;
*** ERROR C202 IN LINE 784 OF ..\Bsp\src\bsp_display.c: 'LCDDAT': undefined identifier
 785   3      
 786   3                              LCDPTR = 3;
*** ERROR C202 IN LINE 786 OF ..\Bsp\src\bsp_display.c: 'LCDPTR': undefined identifier
 787   3                              LCDDAT = COM0 + COM1 + COM2 + COM3;
*** ERROR C202 IN LINE 787 OF ..\Bsp\src\bsp_display.c: 'LCDDAT': undefined identifier
 788   3                              break;
 789   3                      case 1:
 790   3                              LCDPTR = 2;
*** ERROR C202 IN LINE 790 OF ..\Bsp\src\bsp_display.c: 'LCDPTR': undefined identifier
 791   3                              LCDDAT &= ~(COM1 + COM2 + COM3);
*** ERROR C202 IN LINE 791 OF ..\Bsp\src\bsp_display.c: 'LCDDAT': undefined identifier
 792   3      
 793   3                              LCDPTR = 3;
*** ERROR C202 IN LINE 793 OF ..\Bsp\src\bsp_display.c: 'LCDPTR': undefined identifier
 794   3                              LCDDAT = COM1 + COM2;
*** ERROR C202 IN LINE 794 OF ..\Bsp\src\bsp_display.c: 'LCDDAT': undefined identifier
 795   3                              break;
 796   3                      case 2:
 797   3                              LCDPTR = 2;
*** ERROR C202 IN LINE 797 OF ..\Bsp\src\bsp_display.c: 'LCDPTR': undefined identifier
 798   3                              LCDDAT = COM2 + COM3;
*** ERROR C202 IN LINE 798 OF ..\Bsp\src\bsp_display.c: 'LCDDAT': undefined identifier
 799   3      
 800   3                              LCDPTR = 3;
*** ERROR C202 IN LINE 800 OF ..\Bsp\src\bsp_display.c: 'LCDPTR': undefined identifier
C51 COMPILER V9.56.0.0   BSP_DISPLAY                                                       08/04/2017 21:54:35 PAGE 20  

 801   3                              LCDDAT = COM0 + COM1 + COM3;
*** ERROR C202 IN LINE 801 OF ..\Bsp\src\bsp_display.c: 'LCDDAT': undefined identifier
 802   3                              break;
 803   3                      case 3:
 804   3                              LCDPTR = 2;
*** ERROR C202 IN LINE 804 OF ..\Bsp\src\bsp_display.c: 'LCDPTR': undefined identifier
 805   3                              LCDDAT = COM2;
*** ERROR C202 IN LINE 805 OF ..\Bsp\src\bsp_display.c: 'LCDDAT': undefined identifier
 806   3      
 807   3                              LCDPTR = 3;
*** ERROR C202 IN LINE 807 OF ..\Bsp\src\bsp_display.c: 'LCDPTR': undefined identifier
 808   3                              LCDDAT = COM0 + COM1 + COM2 + COM3;
*** ERROR C202 IN LINE 808 OF ..\Bsp\src\bsp_display.c: 'LCDDAT': undefined identifier
 809   3                              break;
 810   3                      case 4:
 811   3                              LCDPTR = 2;
*** ERROR C202 IN LINE 811 OF ..\Bsp\src\bsp_display.c: 'LCDPTR': undefined identifier
 812   3                              LCDDAT = COM1 + COM2;
*** ERROR C202 IN LINE 812 OF ..\Bsp\src\bsp_display.c: 'LCDDAT': undefined identifier
 813   3      
 814   3                              LCDPTR = 3;
*** ERROR C202 IN LINE 814 OF ..\Bsp\src\bsp_display.c: 'LCDPTR': undefined identifier
 815   3                              LCDDAT = COM1 + COM2;
*** ERROR C202 IN LINE 815 OF ..\Bsp\src\bsp_display.c: 'LCDDAT': undefined identifier
 816   3                              break;
 817   3                      case 5:
 818   3                              LCDPTR = 2;
*** ERROR C202 IN LINE 818 OF ..\Bsp\src\bsp_display.c: 'LCDPTR': undefined identifier
 819   3                              LCDDAT = COM1 + COM2;
*** ERROR C202 IN LINE 819 OF ..\Bsp\src\bsp_display.c: 'LCDDAT': undefined identifier
 820   3      
 821   3                              LCDPTR = 3;
*** ERROR C202 IN LINE 821 OF ..\Bsp\src\bsp_display.c: 'LCDPTR': undefined identifier
 822   3                              LCDDAT = COM0 + COM2 + COM3;
*** ERROR C202 IN LINE 822 OF ..\Bsp\src\bsp_display.c: 'LCDDAT': undefined identifier
 823   3                              break;
 824   3                      case 6:
 825   3                              LCDPTR = 2;
*** ERROR C202 IN LINE 825 OF ..\Bsp\src\bsp_display.c: 'LCDPTR': undefined identifier
 826   3                              LCDDAT = COM1 + COM2 + COM3;
*** ERROR C202 IN LINE 826 OF ..\Bsp\src\bsp_display.c: 'LCDDAT': undefined identifier
 827   3      
 828   3                              LCDPTR = 3;
*** ERROR C202 IN LINE 828 OF ..\Bsp\src\bsp_display.c: 'LCDPTR': undefined identifier
 829   3                              LCDDAT = COM0 + COM2 + COM3;
*** ERROR C202 IN LINE 829 OF ..\Bsp\src\bsp_display.c: 'LCDDAT': undefined identifier
 830   3                              break;
 831   3                      case 7:
 832   3                              LCDPTR = 2;
*** ERROR C202 IN LINE 832 OF ..\Bsp\src\bsp_display.c: 'LCDPTR': undefined identifier
 833   3                              LCDDAT &= ~(COM1 + COM2 + COM3);
*** ERROR C202 IN LINE 833 OF ..\Bsp\src\bsp_display.c: 'LCDDAT': undefined identifier
 834   3      
 835   3                              LCDPTR = 3;
*** ERROR C202 IN LINE 835 OF ..\Bsp\src\bsp_display.c: 'LCDPTR': undefined identifier
 836   3                              LCDDAT = COM0 + COM1 + COM2;
*** ERROR C202 IN LINE 836 OF ..\Bsp\src\bsp_display.c: 'LCDDAT': undefined identifier
 837   3                              break;
 838   3                      case 8:
 839   3                              LCDPTR = 2;
*** ERROR C202 IN LINE 839 OF ..\Bsp\src\bsp_display.c: 'LCDPTR': undefined identifier
 840   3                              LCDDAT = COM1 + COM2 + COM3;
C51 COMPILER V9.56.0.0   BSP_DISPLAY                                                       08/04/2017 21:54:35 PAGE 21  

*** ERROR C202 IN LINE 840 OF ..\Bsp\src\bsp_display.c: 'LCDDAT': undefined identifier
 841   3      
 842   3                              LCDPTR = 3;
*** ERROR C202 IN LINE 842 OF ..\Bsp\src\bsp_display.c: 'LCDPTR': undefined identifier
 843   3                              LCDDAT = COM0 + COM1 + COM2 + COM3;
*** ERROR C202 IN LINE 843 OF ..\Bsp\src\bsp_display.c: 'LCDDAT': undefined identifier
 844   3                              break;
 845   3                      case 9:
 846   3                              LCDPTR = 2;
*** ERROR C202 IN LINE 846 OF ..\Bsp\src\bsp_display.c: 'LCDPTR': undefined identifier
 847   3                              LCDDAT = COM1 + COM2;
*** ERROR C202 IN LINE 847 OF ..\Bsp\src\bsp_display.c: 'LCDDAT': undefined identifier
 848   3      
 849   3                              LCDPTR = 3;
*** ERROR C202 IN LINE 849 OF ..\Bsp\src\bsp_display.c: 'LCDPTR': undefined identifier
 850   3                              LCDDAT = COM0 + COM1 + COM2 + COM3;
*** ERROR C202 IN LINE 850 OF ..\Bsp\src\bsp_display.c: 'LCDDAT': undefined identifier
 851   3                              break;
 852   3                      }
 853   2              } else {
 854   2      //              clr_SEG2EN;
 855   2      //              clr_SEG3EN;
 856   2                      LCDPTR = 2;
*** ERROR C202 IN LINE 856 OF ..\Bsp\src\bsp_display.c: 'LCDPTR': undefined identifier
 857   2                      LCDDAT &= ~(COM1 + COM2 + COM3);
*** ERROR C202 IN LINE 857 OF ..\Bsp\src\bsp_display.c: 'LCDDAT': undefined identifier
 858   2      
 859   2                      LCDPTR = 3;
*** ERROR C202 IN LINE 859 OF ..\Bsp\src\bsp_display.c: 'LCDPTR': undefined identifier
 860   2                      LCDDAT = 0;
*** ERROR C202 IN LINE 860 OF ..\Bsp\src\bsp_display.c: 'LCDDAT': undefined identifier
 861   2              }
 862   1              if (num > 9) {
 863   2      //              set_SEG4EN;
 864   2      //              set_SEG5EN;
 865   2      
 866   2                      switch (shi) {
 867   3                      case 0:
 868   3                              LCDPTR = 4;
*** ERROR C202 IN LINE 868 OF ..\Bsp\src\bsp_display.c: 'LCDPTR': undefined identifier
 869   3                              LCDDAT = COM1 + COM3;
*** ERROR C202 IN LINE 869 OF ..\Bsp\src\bsp_display.c: 'LCDDAT': undefined identifier
 870   3      
 871   3                              LCDPTR = 5;
*** ERROR C202 IN LINE 871 OF ..\Bsp\src\bsp_display.c: 'LCDPTR': undefined identifier
 872   3                              LCDDAT = COM0 + COM1 + COM2 + COM3;
*** ERROR C202 IN LINE 872 OF ..\Bsp\src\bsp_display.c: 'LCDDAT': undefined identifier
 873   3                              break;
 874   3                      case 1:
 875   3                              LCDPTR = 4;
*** ERROR C202 IN LINE 875 OF ..\Bsp\src\bsp_display.c: 'LCDPTR': undefined identifier
 876   3                              LCDDAT &= ~(COM1 + COM2 + COM3);
*** ERROR C202 IN LINE 876 OF ..\Bsp\src\bsp_display.c: 'LCDDAT': undefined identifier
 877   3      
 878   3                              LCDPTR = 5;
*** ERROR C202 IN LINE 878 OF ..\Bsp\src\bsp_display.c: 'LCDPTR': undefined identifier
 879   3                              LCDDAT = COM1 + COM2;
*** ERROR C202 IN LINE 879 OF ..\Bsp\src\bsp_display.c: 'LCDDAT': undefined identifier
 880   3                              break;
 881   3                      case 2:
 882   3                              LCDPTR = 4;
*** ERROR C202 IN LINE 882 OF ..\Bsp\src\bsp_display.c: 'LCDPTR': undefined identifier
C51 COMPILER V9.56.0.0   BSP_DISPLAY                                                       08/04/2017 21:54:35 PAGE 22  

 883   3                              LCDDAT = COM2 + COM3;
*** ERROR C202 IN LINE 883 OF ..\Bsp\src\bsp_display.c: 'LCDDAT': undefined identifier
 884   3      
 885   3                              LCDPTR = 5;
*** ERROR C202 IN LINE 885 OF ..\Bsp\src\bsp_display.c: 'LCDPTR': undefined identifier
 886   3                              LCDDAT = COM0 + COM1 + COM3;
*** ERROR C202 IN LINE 886 OF ..\Bsp\src\bsp_display.c: 'LCDDAT': undefined identifier
 887   3                              break;
 888   3                      case 3:
 889   3                              LCDPTR = 4;
*** ERROR C202 IN LINE 889 OF ..\Bsp\src\bsp_display.c: 'LCDPTR': undefined identifier
 890   3                              LCDDAT = COM2;
*** ERROR C202 IN LINE 890 OF ..\Bsp\src\bsp_display.c: 'LCDDAT': undefined identifier
 891   3      
 892   3                              LCDPTR = 5;
*** ERROR C202 IN LINE 892 OF ..\Bsp\src\bsp_display.c: 'LCDPTR': undefined identifier
 893   3                              LCDDAT = COM0 + COM1 + COM2 + COM3;
*** ERROR C202 IN LINE 893 OF ..\Bsp\src\bsp_display.c: 'LCDDAT': undefined identifier
 894   3                              break;
 895   3                      case 4:
 896   3                              LCDPTR = 4;
*** ERROR C202 IN LINE 896 OF ..\Bsp\src\bsp_display.c: 'LCDPTR': undefined identifier
 897   3                              LCDDAT = COM1 + COM2;
*** ERROR C202 IN LINE 897 OF ..\Bsp\src\bsp_display.c: 'LCDDAT': undefined identifier
 898   3      
 899   3                              LCDPTR = 5;
*** ERROR C202 IN LINE 899 OF ..\Bsp\src\bsp_display.c: 'LCDPTR': undefined identifier
 900   3                              LCDDAT = COM1 + COM2;
*** ERROR C202 IN LINE 900 OF ..\Bsp\src\bsp_display.c: 'LCDDAT': undefined identifier
 901   3                              break;
 902   3                      case 5:
 903   3                              LCDPTR = 4;
*** ERROR C202 IN LINE 903 OF ..\Bsp\src\bsp_display.c: 'LCDPTR': undefined identifier
 904   3                              LCDDAT = COM1 + COM2;
*** ERROR C202 IN LINE 904 OF ..\Bsp\src\bsp_display.c: 'LCDDAT': undefined identifier
 905   3      
 906   3                              LCDPTR = 5;
*** ERROR C202 IN LINE 906 OF ..\Bsp\src\bsp_display.c: 'LCDPTR': undefined identifier
 907   3                              LCDDAT = COM0 + COM2 + COM3;
*** ERROR C202 IN LINE 907 OF ..\Bsp\src\bsp_display.c: 'LCDDAT': undefined identifier
 908   3                              break;
 909   3                      case 6:
 910   3                              LCDPTR = 4;
*** ERROR C202 IN LINE 910 OF ..\Bsp\src\bsp_display.c: 'LCDPTR': undefined identifier
 911   3                              LCDDAT = COM1 + COM2 + COM3;
*** ERROR C202 IN LINE 911 OF ..\Bsp\src\bsp_display.c: 'LCDDAT': undefined identifier
 912   3      
 913   3                              LCDPTR = 5;
*** ERROR C202 IN LINE 913 OF ..\Bsp\src\bsp_display.c: 'LCDPTR': undefined identifier
 914   3                              LCDDAT = COM0 + COM2 + COM3;
*** ERROR C202 IN LINE 914 OF ..\Bsp\src\bsp_display.c: 'LCDDAT': undefined identifier
 915   3                              break;
 916   3                      case 7:
 917   3                              LCDPTR = 4;
*** ERROR C202 IN LINE 917 OF ..\Bsp\src\bsp_display.c: 'LCDPTR': undefined identifier
 918   3                              LCDDAT &= ~(COM1 + COM2 + COM3);
*** ERROR C202 IN LINE 918 OF ..\Bsp\src\bsp_display.c: 'LCDDAT': undefined identifier
 919   3      
 920   3                              LCDPTR = 5;
*** ERROR C202 IN LINE 920 OF ..\Bsp\src\bsp_display.c: 'LCDPTR': undefined identifier
 921   3                              LCDDAT = COM0 + COM1 + COM2;
*** ERROR C202 IN LINE 921 OF ..\Bsp\src\bsp_display.c: 'LCDDAT': undefined identifier
C51 COMPILER V9.56.0.0   BSP_DISPLAY                                                       08/04/2017 21:54:35 PAGE 23  

 922   3                              break;
 923   3                      case 8:
 924   3                              LCDPTR = 4;
*** ERROR C202 IN LINE 924 OF ..\Bsp\src\bsp_display.c: 'LCDPTR': undefined identifier
 925   3                              LCDDAT = COM1 + COM2 + COM3;
*** ERROR C202 IN LINE 925 OF ..\Bsp\src\bsp_display.c: 'LCDDAT': undefined identifier
 926   3      
 927   3                              LCDPTR = 5;
*** ERROR C202 IN LINE 927 OF ..\Bsp\src\bsp_display.c: 'LCDPTR': undefined identifier
 928   3                              LCDDAT = COM0 + COM1 + COM2 + COM3;
*** ERROR C202 IN LINE 928 OF ..\Bsp\src\bsp_display.c: 'LCDDAT': undefined identifier
 929   3                              break;
 930   3                      case 9:
 931   3                              LCDPTR = 4;
*** ERROR C202 IN LINE 931 OF ..\Bsp\src\bsp_display.c: 'LCDPTR': undefined identifier
 932   3                              LCDDAT = COM1 + COM2;
*** ERROR C202 IN LINE 932 OF ..\Bsp\src\bsp_display.c: 'LCDDAT': undefined identifier
 933   3      
 934   3                              LCDPTR = 5;
*** ERROR C202 IN LINE 934 OF ..\Bsp\src\bsp_display.c: 'LCDPTR': undefined identifier
 935   3                              LCDDAT = COM0 + COM1 + COM2 + COM3;
*** ERROR C202 IN LINE 935 OF ..\Bsp\src\bsp_display.c: 'LCDDAT': undefined identifier
 936   3                              break;
 937   3                      }
 938   2              } else {
 939   2      //              clr_SEG4EN;
 940   2      //              clr_SEG5EN;
 941   2                      LCDPTR = 4;
*** ERROR C202 IN LINE 941 OF ..\Bsp\src\bsp_display.c: 'LCDPTR': undefined identifier
 942   2                      LCDDAT &= ~(COM1 + COM2 + COM3);
*** ERROR C202 IN LINE 942 OF ..\Bsp\src\bsp_display.c: 'LCDDAT': undefined identifier
 943   2      
 944   2                      LCDPTR = 5;
*** ERROR C202 IN LINE 944 OF ..\Bsp\src\bsp_display.c: 'LCDPTR': undefined identifier
 945   2                      LCDDAT = 0;
*** ERROR C202 IN LINE 945 OF ..\Bsp\src\bsp_display.c: 'LCDDAT': undefined identifier
 946   2              }
 947   1      
 948   1      //      set_SEG6EN;
 949   1      //      set_SEG7EN;
 950   1              switch (ge) {
 951   2              case 0:
 952   2                      LCDPTR = 6;
*** ERROR C202 IN LINE 952 OF ..\Bsp\src\bsp_display.c: 'LCDPTR': undefined identifier
 953   2                      LCDDAT = COM1 + COM3;
*** ERROR C202 IN LINE 953 OF ..\Bsp\src\bsp_display.c: 'LCDDAT': undefined identifier
 954   2      
 955   2                      LCDPTR = 7;
*** ERROR C202 IN LINE 955 OF ..\Bsp\src\bsp_display.c: 'LCDPTR': undefined identifier
 956   2                      LCDDAT = COM0 + COM1 + COM2 + COM3;
*** ERROR C202 IN LINE 956 OF ..\Bsp\src\bsp_display.c: 'LCDDAT': undefined identifier
 957   2                      break;
 958   2              case 1:
 959   2                      LCDPTR = 6;
*** ERROR C202 IN LINE 959 OF ..\Bsp\src\bsp_display.c: 'LCDPTR': undefined identifier
 960   2                      LCDDAT &= ~(COM1 + COM2 + COM3);
*** ERROR C202 IN LINE 960 OF ..\Bsp\src\bsp_display.c: 'LCDDAT': undefined identifier
 961   2      
 962   2                      LCDPTR = 7;
*** ERROR C202 IN LINE 962 OF ..\Bsp\src\bsp_display.c: 'LCDPTR': undefined identifier
 963   2                      LCDDAT = COM1 + COM2;
*** ERROR C202 IN LINE 963 OF ..\Bsp\src\bsp_display.c: 'LCDDAT': undefined identifier
C51 COMPILER V9.56.0.0   BSP_DISPLAY                                                       08/04/2017 21:54:35 PAGE 24  

 964   2                      break;
 965   2              case 2:
 966   2                      LCDPTR = 6;
*** ERROR C202 IN LINE 966 OF ..\Bsp\src\bsp_display.c: 'LCDPTR': undefined identifier
 967   2                      LCDDAT = COM2 + COM3;
*** ERROR C202 IN LINE 967 OF ..\Bsp\src\bsp_display.c: 'LCDDAT': undefined identifier
 968   2      
 969   2                      LCDPTR = 7;
*** ERROR C202 IN LINE 969 OF ..\Bsp\src\bsp_display.c: 'LCDPTR': undefined identifier
 970   2                      LCDDAT = COM0 + COM1 + COM3;
*** ERROR C202 IN LINE 970 OF ..\Bsp\src\bsp_display.c: 'LCDDAT': undefined identifier
 971   2                      break;
 972   2              case 3:
 973   2                      LCDPTR = 6;
*** ERROR C202 IN LINE 973 OF ..\Bsp\src\bsp_display.c: 'LCDPTR': undefined identifier
 974   2                      LCDDAT = COM2;
*** ERROR C202 IN LINE 974 OF ..\Bsp\src\bsp_display.c: 'LCDDAT': undefined identifier
 975   2      
 976   2                      LCDPTR = 7;
*** ERROR C202 IN LINE 976 OF ..\Bsp\src\bsp_display.c: 'LCDPTR': undefined identifier
 977   2                      LCDDAT = COM0 + COM1 + COM2 + COM3;
*** ERROR C202 IN LINE 977 OF ..\Bsp\src\bsp_display.c: 'LCDDAT': undefined identifier
 978   2                      break;
 979   2              case 4:
 980   2                      LCDPTR = 6;
*** ERROR C202 IN LINE 980 OF ..\Bsp\src\bsp_display.c: 'LCDPTR': undefined identifier
 981   2                      LCDDAT = COM1 + COM2;
*** ERROR C202 IN LINE 981 OF ..\Bsp\src\bsp_display.c: 'LCDDAT': undefined identifier
 982   2      
 983   2                      LCDPTR = 7;
*** ERROR C202 IN LINE 983 OF ..\Bsp\src\bsp_display.c: 'LCDPTR': undefined identifier
 984   2                      LCDDAT = COM1 + COM2;
*** ERROR C202 IN LINE 984 OF ..\Bsp\src\bsp_display.c: 'LCDDAT': undefined identifier
 985   2                      break;
 986   2              case 5:
 987   2                      LCDPTR = 6;
*** ERROR C202 IN LINE 987 OF ..\Bsp\src\bsp_display.c: 'LCDPTR': undefined identifier
 988   2                      LCDDAT = COM1 + COM2;
*** ERROR C202 IN LINE 988 OF ..\Bsp\src\bsp_display.c: 'LCDDAT': undefined identifier
 989   2      
 990   2                      LCDPTR = 7;
*** ERROR C202 IN LINE 990 OF ..\Bsp\src\bsp_display.c: 'LCDPTR': undefined identifier
 991   2                      LCDDAT = COM0 + COM2 + COM3;
*** ERROR C202 IN LINE 991 OF ..\Bsp\src\bsp_display.c: 'LCDDAT': undefined identifier
 992   2                      break;
 993   2              case 6:
 994   2                      LCDPTR = 6;
*** ERROR C202 IN LINE 994 OF ..\Bsp\src\bsp_display.c: 'LCDPTR': undefined identifier
 995   2                      LCDDAT = COM1 + COM2 + COM3;
*** ERROR C202 IN LINE 995 OF ..\Bsp\src\bsp_display.c: 'LCDDAT': undefined identifier
 996   2      
 997   2                      LCDPTR = 7;
*** ERROR C202 IN LINE 997 OF ..\Bsp\src\bsp_display.c: 'LCDPTR': undefined identifier
 998   2                      LCDDAT = COM0 + COM2 + COM3;
*** ERROR C202 IN LINE 998 OF ..\Bsp\src\bsp_display.c: 'LCDDAT': undefined identifier
 999   2                      break;
1000   2              case 7:
1001   2                      LCDPTR = 6;
*** ERROR C202 IN LINE 1001 OF ..\Bsp\src\bsp_display.c: 'LCDPTR': undefined identifier
1002   2                      LCDDAT &= ~(COM1 + COM2 + COM3);
*** ERROR C202 IN LINE 1002 OF ..\Bsp\src\bsp_display.c: 'LCDDAT': undefined identifier
1003   2      
C51 COMPILER V9.56.0.0   BSP_DISPLAY                                                       08/04/2017 21:54:35 PAGE 25  

1004   2                      LCDPTR = 7;
*** ERROR C202 IN LINE 1004 OF ..\Bsp\src\bsp_display.c: 'LCDPTR': undefined identifier
1005   2                      LCDDAT = COM0 + COM1 + COM2;
*** ERROR C202 IN LINE 1005 OF ..\Bsp\src\bsp_display.c: 'LCDDAT': undefined identifier
1006   2                      break;
1007   2              case 8:
1008   2                      LCDPTR = 6;
*** ERROR C202 IN LINE 1008 OF ..\Bsp\src\bsp_display.c: 'LCDPTR': undefined identifier
1009   2                      LCDDAT = COM1 + COM2 + COM3;
*** ERROR C202 IN LINE 1009 OF ..\Bsp\src\bsp_display.c: 'LCDDAT': undefined identifier
1010   2      
1011   2                      LCDPTR = 7;
*** ERROR C202 IN LINE 1011 OF ..\Bsp\src\bsp_display.c: 'LCDPTR': undefined identifier
1012   2                      LCDDAT = COM0 + COM1 + COM2 + COM3;
*** ERROR C202 IN LINE 1012 OF ..\Bsp\src\bsp_display.c: 'LCDDAT': undefined identifier
1013   2                      break;
1014   2              case 9:
1015   2                      LCDPTR = 6;
*** ERROR C202 IN LINE 1015 OF ..\Bsp\src\bsp_display.c: 'LCDPTR': undefined identifier
1016   2                      LCDDAT = COM1 + COM2;
*** ERROR C202 IN LINE 1016 OF ..\Bsp\src\bsp_display.c: 'LCDDAT': undefined identifier
1017   2      
1018   2                      LCDPTR = 7;
*** ERROR C202 IN LINE 1018 OF ..\Bsp\src\bsp_display.c: 'LCDPTR': undefined identifier
1019   2                      LCDDAT = COM0 + COM1 + COM2 + COM3;
*** ERROR C202 IN LINE 1019 OF ..\Bsp\src\bsp_display.c: 'LCDDAT': undefined identifier
1020   2                      break;
1021   2              }
1022   1      }
1023          void LCD_Clear_CAL_ICO(void) {
1024   1      //      clr_SEG6EN;
1025   1              LCDPTR = 6;
*** ERROR C202 IN LINE 1025 OF ..\Bsp\src\bsp_display.c: 'LCDPTR': undefined identifier
1026   1              LCDDAT &= ~ COM0;
*** ERROR C202 IN LINE 1026 OF ..\Bsp\src\bsp_display.c: 'LCDDAT': undefined identifier
1027   1      }
1028          void LCD_Show_CAL_ICO(void) {
1029   1      //      set_SEG6EN;
1030   1              LCDPTR = 6;
*** ERROR C202 IN LINE 1030 OF ..\Bsp\src\bsp_display.c: 'LCDPTR': undefined identifier
1031   1              LCDDAT |= COM0;
*** ERROR C202 IN LINE 1031 OF ..\Bsp\src\bsp_display.c: 'LCDDAT': undefined identifier
1032   1      }
1033          

C51 COMPILATION COMPLETE.  0 WARNING(S),  490 ERROR(S)
