C51 COMPILER V9.56.0.0   BSP_BRIGHT                                                        08/04/2017 21:54:35 PAGE 1   


C51 COMPILER V9.56.0.0, COMPILATION OF MODULE BSP_BRIGHT
OBJECT MODULE PLACED IN .\Out\Objects\bsp_bright.obj
COMPILER INVOKED BY: C:\Keil_v5\C51\BIN\C51.EXE ..\Bsp\src\bsp_bright.c LARGE OPTIMIZE(8,SPEED) BROWSE INCDIR(..\Common\
                    -inc;..\App\inc;..\Bsp\inc;..\Startup;..\Bsp) DEFINE(FOSC_110592) DEBUG OBJECTEXTEND PRINT(.\Out\Listings\bsp_bright.lst)
                    - OBJECT(.\Out\Objects\bsp_bright.obj)

line level    source

   1          /*
   2           * bsp_bright.c
   3           *
   4           *  Created on: 2017Äê6ÔÂ26ÈÕ
   5           *      Author: fly
   6           */
   7          
   8          #include "bsp.h"
*** ERROR C231 IN LINE 1 OF ..\Common\inc\Common.h: 'BIT': redefinition
*** ERROR C231 IN LINE 2 OF ..\Common\inc\Common.h: 'UINT8': redefinition
*** ERROR C231 IN LINE 3 OF ..\Common\inc\Common.h: 'UINT16': redefinition
*** ERROR C141 IN LINE 4 OF ..\Common\inc\Common.h: syntax error near 'UINT32'
*** ERROR C231 IN LINE 6 OF ..\Common\inc\Common.h: 'uint8_t': redefinition
*** ERROR C231 IN LINE 7 OF ..\Common\inc\Common.h: 'uint16_t': redefinition
*** ERROR C141 IN LINE 8 OF ..\Common\inc\Common.h: syntax error near 'uint32_t'
   9          
  10          void Bright_InitHard(void) {
  11   1      
  12   1      #if 1
  13   1              P3M1 &= ~SET_BIT1;
  14   1              P3M2 |= SET_BIT1;
  15   1      
  16   1              lcd_bright_on();
  17   1      #endif
  18   1      
  19   1      }
  20          void lcd_bright_off(void) {
  21   1              clr_P31;
*** ERROR C202 IN LINE 21 OF ..\Bsp\src\bsp_bright.c: 'clr_P31': undefined identifier
  22   1      }
  23          void lcd_bright_on() {
  24   1              set_P31;
*** ERROR C202 IN LINE 24 OF ..\Bsp\src\bsp_bright.c: 'set_P31': undefined identifier
  25   1      }

C51 COMPILATION COMPLETE.  0 WARNING(S),  9 ERROR(S)
