C51 COMPILER V9.52.0.0   BSP_TIMER0                                                        11/20/2017 00:30:11 PAGE 1   


C51 COMPILER V9.52.0.0, COMPILATION OF MODULE BSP_TIMER0
OBJECT MODULE PLACED IN .\Out\Objects\bsp_timer0.obj
COMPILER INVOKED BY: C:\Keil_v5\C51\BIN\C51.EXE ..\Bsp\src\bsp_timer0.c LARGE OPTIMIZE(8,SIZE) BROWSE INCDIR(..\Common\i
                    -nc;..\App\inc;..\Bsp\inc;..\Startup;..\Bsp) DEFINE(FOSC_160000) DEBUG OBJECTEXTEND PRINT(.\Out\Listings\bsp_timer0.lst) 
                    -TABS(2) OBJECT(.\Out\Objects\bsp_timer0.obj)

line level    source

   1          /*
   2           * bsp_timer0.c
   3           *
   4           *  Created on: 2017Äê6ÔÂ28ÈÕ
   5           *      Author: fly
   6           */
   7          
   8          #include "bsp.h"
   9          #include "app_dome.h"
  10          
  11          #define TH0_INIT        1340
  12          #define TL0_INIT        1340
  13          
  14          static uint8_t u8TH0_tmp = 0, u8TL0_tmp = 0;
  15          
  16          _Task_time Task_time;
  17          
  18          static void timer0_ParamInit(void);
  19          void Timer0_InitHard(void) {
  20   1      
  21   1        timer0_ParamInit();
  22   1        TIMER0_MODE1_ENABLE
  23   1        ;
  24   1      
  25   1        clr_T0M;
  26   1      
  27   1        u8TH0_tmp = (65536 - TH0_INIT) / 256;
  28   1        u8TL0_tmp = (65536 - TL0_INIT) % 256;
  29   1      
  30   1        TH0 = u8TH0_tmp;            //initial counter values
  31   1        TL0 = u8TL0_tmp;
  32   1      
  33   1        set_ET0;                                    //enable Timer0 interrupt
  34   1        set_TR0;                                    //Timer0 run
  35   1      
  36   1      }
  37          
  38          static void timer0_ParamInit(void) {
  39   1      
  40   1        Task_time.cnt_10ms = 0;
  41   1        Task_time.cnt_100ms = 0;
  42   1        Task_time.cnt_1s = 0;
  43   1      
  44   1        Task_time.flag_10ms = 0;
  45   1        Task_time.flag_100ms = 0;
  46   1        Task_time.flag_1s = 0;
  47   1      
  48   1      }
  49          
  50          void Timer0_ISR(void)
  51          interrupt 1              //interrupt address is 0x000B
  52          {
  53   1        TH0 = u8TH0_tmp;
C51 COMPILER V9.52.0.0   BSP_TIMER0                                                        11/20/2017 00:30:11 PAGE 2   

  54   1        TL0 = u8TL0_tmp;
  55   1      
  56   1        Task_time.flag_1ms = 1;
  57   1      
  58   1        if (++Task_time.cnt_10ms >= 10) {
  59   2          Task_time.cnt_10ms = 0;
  60   2          Task_time.flag_10ms = 1;
  61   2        }
  62   1        if (++Task_time.cnt_100ms >= 100) {
  63   2          Task_time.cnt_100ms = 0;
  64   2          Task_time.flag_100ms = 1;
  65   2      
  66   2        }
  67   1        if (++Task_time.cnt_500ms >= 500) {
  68   2          Task_time.cnt_500ms = 0;
  69   2          Task_time.flag_500ms = 1;
  70   2        }
  71   1      
  72   1        if (++Task_time.cnt_1s >= 1000) {
  73   2          Task_time.cnt_1s = 0;
  74   2          Task_time.flag_1s = 1;
  75   2      
  76   2        }
  77   1      
  78   1      }
  79          


MODULE INFORMATION:   STATIC OVERLAYABLE
   CODE SIZE        =    189    ----
   CONSTANT SIZE    =   ----    ----
   XDATA SIZE       =     12    ----
   PDATA SIZE       =   ----    ----
   DATA SIZE        =   ----    ----
   IDATA SIZE       =   ----    ----
   BIT SIZE         =   ----    ----
END OF MODULE INFORMATION.


C51 COMPILATION COMPLETE.  0 WARNING(S),  0 ERROR(S)
