C51 COMPILER V9.52.0.0   BSP_UART                                                          11/20/2017 00:30:11 PAGE 1   


C51 COMPILER V9.52.0.0, COMPILATION OF MODULE BSP_UART
OBJECT MODULE PLACED IN .\Out\Objects\bsp_uart.obj
COMPILER INVOKED BY: C:\Keil_v5\C51\BIN\C51.EXE ..\Bsp\src\bsp_uart.c LARGE OPTIMIZE(8,SIZE) BROWSE INCDIR(..\Common\inc
                    -;..\App\inc;..\Bsp\inc;..\Startup;..\Bsp) DEFINE(FOSC_160000) DEBUG OBJECTEXTEND PRINT(.\Out\Listings\bsp_uart.lst) TABS
                    -(2) OBJECT(.\Out\Objects\bsp_uart.obj)

line level    source

   1          /*
   2           * bsp_uart.c
   3           *
   4           *  Created on: 2017Äê6ÔÂ27ÈÕ
   5           *      Author: fly
   6           */
   7          
   8          #include "bsp.h"
   9          #include <string.h>
  10          
  11           RCV_T rcv_T;
  12          
  13          uint8_t riflag = 0;
  14          
  15          void Uart_InitHard(void) {
  16   1        riflag = 0;
  17   1      
  18   1        memset((uint8_t *) &rcv_T, 0, sizeof(RCV_T));
  19   1      
  20   1      //  InitialUART0_Timer1(115200);
  21   1        InitialUART0_Timer3(19200);
  22   1      }
  23          
  24          void SerialPort0_ISR(void)
  25          interrupt 4
  26          {
  27   1        if (RI == 1) { /* if reception occur */
  28   2          clr_RI; /* clear reception flag for next reception */
  29   2          rcv_T.rxBuf[rcv_T.pWrite++] = SBUF;
  30   2          if (rcv_T.pWrite >= RCV_BUFSIZE) {
  31   3            rcv_T.pWrite = 0;
  32   3          }
  33   2          riflag++;
  34   2        }
  35   1        if (TI == 1) {
  36   2          clr_TI; /* if emission occur */
  37   2        }
  38   1      }
  39          


MODULE INFORMATION:   STATIC OVERLAYABLE
   CODE SIZE        =    100    ----
   CONSTANT SIZE    =   ----    ----
   XDATA SIZE       =    163    ----
   PDATA SIZE       =   ----    ----
   DATA SIZE        =   ----    ----
   IDATA SIZE       =   ----    ----
   BIT SIZE         =   ----    ----
END OF MODULE INFORMATION.


C51 COMPILATION COMPLETE.  0 WARNING(S),  0 ERROR(S)
