C51 COMPILER V9.52.0.0   BSP_RELAY                                                         11/20/2017 00:30:11 PAGE 1   


C51 COMPILER V9.52.0.0, COMPILATION OF MODULE BSP_RELAY
OBJECT MODULE PLACED IN .\Out\Objects\bsp_relay.obj
COMPILER INVOKED BY: C:\Keil_v5\C51\BIN\C51.EXE ..\Bsp\src\bsp_relay.c LARGE OPTIMIZE(8,SIZE) BROWSE INCDIR(..\Common\in
                    -c;..\App\inc;..\Bsp\inc;..\Startup;..\Bsp) DEFINE(FOSC_160000) DEBUG OBJECTEXTEND PRINT(.\Out\Listings\bsp_relay.lst) TA
                    -BS(2) OBJECT(.\Out\Objects\bsp_relay.obj)

line level    source

   1          /*
   2           * bsp_relay.c
   3           *
   4           *  Created on: 2017Äê8ÔÂ18ÈÕ
   5           *      Author: fly
   6           */
   7          #include "bsp.h"
   8          
   9          void Relay_InitHard(void) {
  10   1      
  11   1        clr_P1M1_4;
  12   1        P1M2 |= SET_BIT4;
  13   1      
  14   1        Relay_off();
  15   1      }
  16          void Relay_on(void) {
  17   1        P14 = 1;
  18   1      }
  19          void Relay_off(void) {
  20   1        P14 = 0;
  21   1      }
  22          void Relay_toggle(void) {
  23   1        P14 = ~P14;
  24   1      }
  25          uint8_t Relay_IsOn(void) {
  26   1        return P14;
  27   1      }
  28          void Relay_set(uint8_t s) {
  29   1        if (s) {
  30   2          Relay_on();
  31   2        } else {
  32   2          Relay_off();
  33   2        }
  34   1      }


MODULE INFORMATION:   STATIC OVERLAYABLE
   CODE SIZE        =     34    ----
   CONSTANT SIZE    =   ----    ----
   XDATA SIZE       =   ----    ----
   PDATA SIZE       =   ----    ----
   DATA SIZE        =   ----    ----
   IDATA SIZE       =   ----    ----
   BIT SIZE         =   ----    ----
END OF MODULE INFORMATION.


C51 COMPILATION COMPLETE.  0 WARNING(S),  0 ERROR(S)
