C51 COMPILER V9.52.0.0   COMMON                                                            11/20/2017 00:30:12 PAGE 1   


C51 COMPILER V9.52.0.0, COMPILATION OF MODULE COMMON
OBJECT MODULE PLACED IN .\Out\Objects\Common.obj
COMPILER INVOKED BY: C:\Keil_v5\C51\BIN\C51.EXE ..\Common\src\Common.c LARGE OPTIMIZE(8,SIZE) BROWSE INCDIR(..\Common\in
                    -c;..\App\inc;..\Bsp\inc;..\Startup;..\Bsp) DEFINE(FOSC_160000) DEBUG OBJECTEXTEND PRINT(.\Out\Listings\Common.lst) TABS(
                    -2) OBJECT(.\Out\Objects\Common.obj)

line level    source

   1          /*--------------------------------------------------------------------------------------------------------
             --*/
   2          /*                                                                                                        
             - */
   3          /* Copyright(c) 2017 Nuvoton Technology Corp. All rights reserved.                                        
             - */
   4          /*                                                                                                        
             - */
   5          /*--------------------------------------------------------------------------------------------------------
             --*/
   6          
   7          //********************************************************************************************************
             -***
   8          //  Website: http://www.nuvoton.com
   9          //  E-Mail : MicroC-8bit@nuvoton.com
  10          //  Date   : Jan/21/2017
  11          //********************************************************************************************************
             -***
  12          #include "N76E003.h"
  13          #include "Common.h"
  14          #include "Delay.h"
  15          #include "SFR_Macro.h"
  16          #include "Function_define.h"
  17          
  18          //----------------------------------------------------------------------------------
  19          // UART0 baud rate initial setting 
  20          //----------------------------------------------------------------------------------
  21          void InitialUART0_Timer1(UINT32 u32Baudrate)    //T1M = 1, SMOD = 1
  22          {
  23   1        P06_Quasi_Mode
  24   1        ;   //Setting UART pin as Quasi mode for transmit
  25   1        P07_Quasi_Mode
  26   1        ;   //Setting UART pin as Quasi mode for transmit
  27   1      
  28   1        SCON = 0x50;      //UART0 Mode1,REN=1,TI=1
  29   1        TMOD |= 0x20;     //Timer1 Mode1
  30   1      
  31   1        set_SMOD;         //UART0 Double Rate Enable
  32   1        set_T1M;
  33   1        clr_BRCK;         //Serial port 0 baud rate clock source = Timer1
  34   1      
  35   1      #ifdef FOSC_160000
  36   1        TH1 = 256 - (1000000/u32Baudrate+1); /*16 MHz */
  37   1      #endif      
  38   1      #ifdef FOSC_166000
                TH1 = 256 - (1037500/u32Baudrate); /*16.6 MHz */
              #endif
  41   1        
  42   1        set_TR1;
  43   1      //        set_RB8;          //This bit is for setting the stop bit 2 high/low status, 
  44   1      
  45   1        set_TI;           //For printf function must setting TI = 1
  46   1          set_ES;           //enable UART interrupt
C51 COMPILER V9.52.0.0   COMMON                                                            11/20/2017 00:30:12 PAGE 2   

  47   1      
  48   1      }
  49          //---------------------------------------------------------------
  50          void InitialUART0_Timer3(UINT32 u32Baudrate) //use timer3 as Baudrate generator
  51          {
  52   1        P06_Quasi_Mode
  53   1        ;   //Setting UART pin as Quasi mode for transmit
  54   1        P07_Quasi_Mode
  55   1        ;   //Setting UART pin as Quasi mode for transmit
  56   1      
  57   1        SCON = 0x50;     //UART0 Mode1,REN=1,TI=1
  58   1        set_SMOD;        //UART0 Double Rate Enable
  59   1        T3CON &= 0xF8;   //T3PS2=0,T3PS1=0,T3PS0=0(Prescale=1)
  60   1        set_BRCK;        //UART0 baud rate clock source = Timer3
  61   1      
  62   1      #ifdef FOSC_160000
  63   1        RH3 = HIBYTE(65536 - (1000000/u32Baudrate)-1); /*16 MHz */
  64   1        RL3 = LOBYTE(65536 - (1000000/u32Baudrate)-1); /*16 MHz */
  65   1      #endif
  66   1      #ifdef FOSC_166000
                RH3 = HIBYTE(65536 - (1037500/u32Baudrate)); /*16.6 MHz */
                RL3 = LOBYTE(65536 - (1037500/u32Baudrate)); /*16.6 MHz */
              #endif
  70   1        set_TR3;         //Trigger Timer3
  71   1        set_TI;          //For printf function must setting TI = 1
  72   1      
  73   1         set_ES;           //enable UART interrupt
  74   1      }
  75          
  76          UINT8 Receive_Data_From_UART0(void) {
  77   1        UINT8 c;
  78   1        while (!RI)
  79   1          ;
  80   1        c = SBUF;
  81   1        RI = 0;
  82   1        return (c);
  83   1      }
  84          
  85          void Send_Data_To_UART0(UINT8 c) {
  86   1        TI = 0;
  87   1        SBUF = c;
  88   1        while (TI == 0)
  89   1          ;
  90   1      }
  91          
  92          //----------------------------------------------------------------------------------
  93          // UART1 baud rate initial setting 
  94          //----------------------------------------------------------------------------------
  95          void InitialUART1_Timer3(UINT32 u32Baudrate) //use timer3 as Baudrate generator
  96          {
  97   1        P02_Quasi_Mode
  98   1        ;   //Setting UART pin as Quasi mode for transmit
  99   1        P16_Quasi_Mode
 100   1        ;   //Setting UART pin as Quasi mode for transmit
 101   1      
 102   1        SCON_1 = 0x50;    //UART1 Mode1,REN_1=1,TI_1=1
 103   1        T3CON = 0x08;     //T3PS2=0,T3PS1=0,T3PS0=0(Prescale=1), UART1 in MODE 1
 104   1        clr_BRCK;
 105   1      
 106   1      #ifdef FOSC_160000
 107   1        RH3 = HIBYTE(65536 - (1000000/u32Baudrate)-1); /*16 MHz */
 108   1        RL3 = LOBYTE(65536 - (1000000/u32Baudrate)-1); /*16 MHz */
C51 COMPILER V9.52.0.0   COMMON                                                            11/20/2017 00:30:12 PAGE 3   

 109   1      #endif
 110   1      #ifdef FOSC_166000
                RH3 = HIBYTE(65536 - (1037500/u32Baudrate)); /*16.6 MHz */
                RL3 = LOBYTE(65536 - (1037500/u32Baudrate)); /*16.6 MHz */
              #endif
 114   1        set_TR3;         //Trigger Timer3
 115   1      }
 116          
 117          UINT8 Receive_Data_From_UART1(void) {
 118   1        UINT8 c;
 119   1      
 120   1        while (!RI_1)
 121   1          ;
 122   1        c = SBUF_1;
 123   1        RI_1 = 0;
 124   1        return (c);
 125   1      }
 126          
 127          void Send_Data_To_UART1(UINT8 c) {
 128   1        TI_1 = 0;
 129   1        SBUF_1 = c;
 130   1        while (TI_1 == 0)
 131   1          ;
 132   1      }
 133          
 134          /*==========================================================================*/
 135          #ifdef SW_Reset
              void SW_Reset(void)
              {
                TA = 0xAA;
                TA = 0x55;
                set_SWRST;
              }
              #endif
 143          /*==========================================================================*/


MODULE INFORMATION:   STATIC OVERLAYABLE
   CODE SIZE        =    286    ----
   CONSTANT SIZE    =   ----    ----
   XDATA SIZE       =   ----       8
   PDATA SIZE       =   ----    ----
   DATA SIZE        =   ----    ----
   IDATA SIZE       =   ----    ----
   BIT SIZE         =   ----    ----
END OF MODULE INFORMATION.


C51 COMPILATION COMPLETE.  0 WARNING(S),  0 ERROR(S)
